C:/Users/USER/project/Product-Requirements-Document/node_modules/.pnpm/typescript@5.9.3/node_modules/typescript/lib/lib.es5.d.ts
C:/Users/USER/project/Product-Requirements-Document/node_modules/.pnpm/typescript@5.9.3/node_modules/typescript/lib/lib.es2015.d.ts
C:/Users/USER/project/Product-Requirements-Document/node_modules/.pnpm/typescript@5.9.3/node_modules/typescript/lib/lib.es2016.d.ts
C:/Users/USER/project/Product-Requirements-Document/node_modules/.pnpm/typescript@5.9.3/node_modules/typescript/lib/lib.es2017.d.ts
C:/Users/USER/project/Product-Requirements-Document/node_modules/.pnpm/typescript@5.9.3/node_modules/typescript/lib/lib.es2018.d.ts
C:/Users/USER/project/Product-Requirements-Document/node_modules/.pnpm/typescript@5.9.3/node_modules/typescript/lib/lib.es2019.d.ts
C:/Users/USER/project/Product-Requirements-Document/node_modules/.pnpm/typescript@5.9.3/node_modules/typescript/lib/lib.es2020.d.ts
C:/Users/USER/project/Product-Requirements-Document/node_modules/.pnpm/typescript@5.9.3/node_modules/typescript/lib/lib.es2021.d.ts
C:/Users/USER/project/Product-Requirements-Document/node_modules/.pnpm/typescript@5.9.3/node_modules/typescript/lib/lib.es2022.d.ts
C:/Users/USER/project/Product-Requirements-Document/node_modules/.pnpm/typescript@5.9.3/node_modules/typescript/lib/lib.es2015.core.d.ts
C:/Users/USER/project/Product-Requirements-Document/node_modules/.pnpm/typescript@5.9.3/node_modules/typescript/lib/lib.es2015.collection.d.ts
C:/Users/USER/project/Product-Requirements-Document/node_modules/.pnpm/typescript@5.9.3/node_modules/typescript/lib/lib.es2015.generator.d.ts
C:/Users/USER/project/Product-Requirements-Document/node_modules/.pnpm/typescript@5.9.3/node_modules/typescript/lib/lib.es2015.iterable.d.ts
C:/Users/USER/project/Product-Requirements-Document/node_modules/.pnpm/typescript@5.9.3/node_modules/typescript/lib/lib.es2015.promise.d.ts
C:/Users/USER/project/Product-Requirements-Document/node_modules/.pnpm/typescript@5.9.3/node_modules/typescript/lib/lib.es2015.proxy.d.ts
C:/Users/USER/project/Product-Requirements-Document/node_modules/.pnpm/typescript@5.9.3/node_modules/typescript/lib/lib.es2015.reflect.d.ts
C:/Users/USER/project/Product-Requirements-Document/node_modules/.pnpm/typescript@5.9.3/node_modules/typescript/lib/lib.es2015.symbol.d.ts
C:/Users/USER/project/Product-Requirements-Document/node_modules/.pnpm/typescript@5.9.3/node_modules/typescript/lib/lib.es2015.symbol.wellknown.d.ts
C:/Users/USER/project/Product-Requirements-Document/node_modules/.pnpm/typescript@5.9.3/node_modules/typescript/lib/lib.es2016.array.include.d.ts
C:/Users/USER/project/Product-Requirements-Document/node_modules/.pnpm/typescript@5.9.3/node_modules/typescript/lib/lib.es2016.intl.d.ts
C:/Users/USER/project/Product-Requirements-Document/node_modules/.pnpm/typescript@5.9.3/node_modules/typescript/lib/lib.es2017.arraybuffer.d.ts
C:/Users/USER/project/Product-Requirements-Document/node_modules/.pnpm/typescript@5.9.3/node_modules/typescript/lib/lib.es2017.date.d.ts
C:/Users/USER/project/Product-Requirements-Document/node_modules/.pnpm/typescript@5.9.3/node_modules/typescript/lib/lib.es2017.object.d.ts
C:/Users/USER/project/Product-Requirements-Document/node_modules/.pnpm/typescript@5.9.3/node_modules/typescript/lib/lib.es2017.sharedmemory.d.ts
C:/Users/USER/project/Product-Requirements-Document/node_modules/.pnpm/typescript@5.9.3/node_modules/typescript/lib/lib.es2017.string.d.ts
C:/Users/USER/project/Product-Requirements-Document/node_modules/.pnpm/typescript@5.9.3/node_modules/typescript/lib/lib.es2017.intl.d.ts
C:/Users/USER/project/Product-Requirements-Document/node_modules/.pnpm/typescript@5.9.3/node_modules/typescript/lib/lib.es2017.typedarrays.d.ts
C:/Users/USER/project/Product-Requirements-Document/node_modules/.pnpm/typescript@5.9.3/node_modules/typescript/lib/lib.es2018.asyncgenerator.d.ts
C:/Users/USER/project/Product-Requirements-Document/node_modules/.pnpm/typescript@5.9.3/node_modules/typescript/lib/lib.es2018.asynciterable.d.ts
C:/Users/USER/project/Product-Requirements-Document/node_modules/.pnpm/typescript@5.9.3/node_modules/typescript/lib/lib.es2018.intl.d.ts
C:/Users/USER/project/Product-Requirements-Document/node_modules/.pnpm/typescript@5.9.3/node_modules/typescript/lib/lib.es2018.promise.d.ts
C:/Users/USER/project/Product-Requirements-Document/node_modules/.pnpm/typescript@5.9.3/node_modules/typescript/lib/lib.es2018.regexp.d.ts
C:/Users/USER/project/Product-Requirements-Document/node_modules/.pnpm/typescript@5.9.3/node_modules/typescript/lib/lib.es2019.array.d.ts
C:/Users/USER/project/Product-Requirements-Document/node_modules/.pnpm/typescript@5.9.3/node_modules/typescript/lib/lib.es2019.object.d.ts
C:/Users/USER/project/Product-Requirements-Document/node_modules/.pnpm/typescript@5.9.3/node_modules/typescript/lib/lib.es2019.string.d.ts
C:/Users/USER/project/Product-Requirements-Document/node_modules/.pnpm/typescript@5.9.3/node_modules/typescript/lib/lib.es2019.symbol.d.ts
C:/Users/USER/project/Product-Requirements-Document/node_modules/.pnpm/typescript@5.9.3/node_modules/typescript/lib/lib.es2019.intl.d.ts
C:/Users/USER/project/Product-Requirements-Document/node_modules/.pnpm/typescript@5.9.3/node_modules/typescript/lib/lib.es2020.bigint.d.ts
C:/Users/USER/project/Product-Requirements-Document/node_modules/.pnpm/typescript@5.9.3/node_modules/typescript/lib/lib.es2020.date.d.ts
C:/Users/USER/project/Product-Requirements-Document/node_modules/.pnpm/typescript@5.9.3/node_modules/typescript/lib/lib.es2020.promise.d.ts
C:/Users/USER/project/Product-Requirements-Document/node_modules/.pnpm/typescript@5.9.3/node_modules/typescript/lib/lib.es2020.sharedmemory.d.ts
C:/Users/USER/project/Product-Requirements-Document/node_modules/.pnpm/typescript@5.9.3/node_modules/typescript/lib/lib.es2020.string.d.ts
C:/Users/USER/project/Product-Requirements-Document/node_modules/.pnpm/typescript@5.9.3/node_modules/typescript/lib/lib.es2020.symbol.wellknown.d.ts
C:/Users/USER/project/Product-Requirements-Document/node_modules/.pnpm/typescript@5.9.3/node_modules/typescript/lib/lib.es2020.intl.d.ts
C:/Users/USER/project/Product-Requirements-Document/node_modules/.pnpm/typescript@5.9.3/node_modules/typescript/lib/lib.es2020.number.d.ts
C:/Users/USER/project/Product-Requirements-Document/node_modules/.pnpm/typescript@5.9.3/node_modules/typescript/lib/lib.es2021.promise.d.ts
C:/Users/USER/project/Product-Requirements-Document/node_modules/.pnpm/typescript@5.9.3/node_modules/typescript/lib/lib.es2021.string.d.ts
C:/Users/USER/project/Product-Requirements-Document/node_modules/.pnpm/typescript@5.9.3/node_modules/typescript/lib/lib.es2021.weakref.d.ts
C:/Users/USER/project/Product-Requirements-Document/node_modules/.pnpm/typescript@5.9.3/node_modules/typescript/lib/lib.es2021.intl.d.ts
C:/Users/USER/project/Product-Requirements-Document/node_modules/.pnpm/typescript@5.9.3/node_modules/typescript/lib/lib.es2022.array.d.ts
C:/Users/USER/project/Product-Requirements-Document/node_modules/.pnpm/typescript@5.9.3/node_modules/typescript/lib/lib.es2022.error.d.ts
C:/Users/USER/project/Product-Requirements-Document/node_modules/.pnpm/typescript@5.9.3/node_modules/typescript/lib/lib.es2022.intl.d.ts
C:/Users/USER/project/Product-Requirements-Document/node_modules/.pnpm/typescript@5.9.3/node_modules/typescript/lib/lib.es2022.object.d.ts
C:/Users/USER/project/Product-Requirements-Document/node_modules/.pnpm/typescript@5.9.3/node_modules/typescript/lib/lib.es2022.string.d.ts
C:/Users/USER/project/Product-Requirements-Document/node_modules/.pnpm/typescript@5.9.3/node_modules/typescript/lib/lib.es2022.regexp.d.ts
C:/Users/USER/project/Product-Requirements-Document/node_modules/.pnpm/typescript@5.9.3/node_modules/typescript/lib/lib.esnext.disposable.d.ts
C:/Users/USER/project/Product-Requirements-Document/node_modules/.pnpm/typescript@5.9.3/node_modules/typescript/lib/lib.esnext.float16.d.ts
C:/Users/USER/project/Product-Requirements-Document/node_modules/.pnpm/typescript@5.9.3/node_modules/typescript/lib/lib.decorators.d.ts
C:/Users/USER/project/Product-Requirements-Document/node_modules/.pnpm/typescript@5.9.3/node_modules/typescript/lib/lib.decorators.legacy.d.ts
C:/Users/USER/project/Product-Requirements-Document/node_modules/.pnpm/@types+node@25.9.4/node_modules/@types/node/compatibility/iterators.d.ts
C:/Users/USER/project/Product-Requirements-Document/node_modules/.pnpm/@types+node@25.9.4/node_modules/@types/node/globals.typedarray.d.ts
C:/Users/USER/project/Product-Requirements-Document/node_modules/.pnpm/@types+node@25.9.4/node_modules/@types/node/buffer.buffer.d.ts
C:/Users/USER/project/Product-Requirements-Document/node_modules/.pnpm/@types+node@25.9.4/node_modules/@types/node/globals.d.ts
C:/Users/USER/project/Product-Requirements-Document/node_modules/.pnpm/@types+node@25.9.4/node_modules/@types/node/web-globals/abortcontroller.d.ts
C:/Users/USER/project/Product-Requirements-Document/node_modules/.pnpm/@types+node@25.9.4/node_modules/@types/node/web-globals/blob.d.ts
C:/Users/USER/project/Product-Requirements-Document/node_modules/.pnpm/@types+node@25.9.4/node_modules/@types/node/web-globals/console.d.ts
C:/Users/USER/project/Product-Requirements-Document/node_modules/.pnpm/@types+node@25.9.4/node_modules/@types/node/web-globals/crypto.d.ts
C:/Users/USER/project/Product-Requirements-Document/node_modules/.pnpm/@types+node@25.9.4/node_modules/@types/node/web-globals/domexception.d.ts
C:/Users/USER/project/Product-Requirements-Document/node_modules/.pnpm/@types+node@25.9.4/node_modules/@types/node/web-globals/encoding.d.ts
C:/Users/USER/project/Product-Requirements-Document/node_modules/.pnpm/@types+node@25.9.4/node_modules/@types/node/web-globals/events.d.ts
C:/Users/USER/project/Product-Requirements-Document/node_modules/.pnpm/undici-types@7.24.6/node_modules/undici-types/utility.d.ts
C:/Users/USER/project/Product-Requirements-Document/node_modules/.pnpm/undici-types@7.24.6/node_modules/undici-types/header.d.ts
C:/Users/USER/project/Product-Requirements-Document/node_modules/.pnpm/undici-types@7.24.6/node_modules/undici-types/readable.d.ts
C:/Users/USER/project/Product-Requirements-Document/node_modules/.pnpm/undici-types@7.24.6/node_modules/undici-types/fetch.d.ts
C:/Users/USER/project/Product-Requirements-Document/node_modules/.pnpm/undici-types@7.24.6/node_modules/undici-types/formdata.d.ts
C:/Users/USER/project/Product-Requirements-Document/node_modules/.pnpm/undici-types@7.24.6/node_modules/undici-types/connector.d.ts
C:/Users/USER/project/Product-Requirements-Document/node_modules/.pnpm/undici-types@7.24.6/node_modules/undici-types/client-stats.d.ts
C:/Users/USER/project/Product-Requirements-Document/node_modules/.pnpm/undici-types@7.24.6/node_modules/undici-types/client.d.ts
C:/Users/USER/project/Product-Requirements-Document/node_modules/.pnpm/undici-types@7.24.6/node_modules/undici-types/errors.d.ts
C:/Users/USER/project/Product-Requirements-Document/node_modules/.pnpm/undici-types@7.24.6/node_modules/undici-types/dispatcher.d.ts
C:/Users/USER/project/Product-Requirements-Document/node_modules/.pnpm/undici-types@7.24.6/node_modules/undici-types/global-dispatcher.d.ts
C:/Users/USER/project/Product-Requirements-Document/node_modules/.pnpm/undici-types@7.24.6/node_modules/undici-types/global-origin.d.ts
C:/Users/USER/project/Product-Requirements-Document/node_modules/.pnpm/undici-types@7.24.6/node_modules/undici-types/pool-stats.d.ts
C:/Users/USER/project/Product-Requirements-Document/node_modules/.pnpm/undici-types@7.24.6/node_modules/undici-types/pool.d.ts
C:/Users/USER/project/Product-Requirements-Document/node_modules/.pnpm/undici-types@7.24.6/node_modules/undici-types/handlers.d.ts
C:/Users/USER/project/Product-Requirements-Document/node_modules/.pnpm/undici-types@7.24.6/node_modules/undici-types/balanced-pool.d.ts
C:/Users/USER/project/Product-Requirements-Document/node_modules/.pnpm/undici-types@7.24.6/node_modules/undici-types/round-robin-pool.d.ts
C:/Users/USER/project/Product-Requirements-Document/node_modules/.pnpm/undici-types@7.24.6/node_modules/undici-types/h2c-client.d.ts
C:/Users/USER/project/Product-Requirements-Document/node_modules/.pnpm/undici-types@7.24.6/node_modules/undici-types/agent.d.ts
C:/Users/USER/project/Product-Requirements-Document/node_modules/.pnpm/undici-types@7.24.6/node_modules/undici-types/mock-interceptor.d.ts
C:/Users/USER/project/Product-Requirements-Document/node_modules/.pnpm/undici-types@7.24.6/node_modules/undici-types/mock-call-history.d.ts
C:/Users/USER/project/Product-Requirements-Document/node_modules/.pnpm/undici-types@7.24.6/node_modules/undici-types/mock-agent.d.ts
C:/Users/USER/project/Product-Requirements-Document/node_modules/.pnpm/undici-types@7.24.6/node_modules/undici-types/mock-client.d.ts
C:/Users/USER/project/Product-Requirements-Document/node_modules/.pnpm/undici-types@7.24.6/node_modules/undici-types/mock-pool.d.ts
C:/Users/USER/project/Product-Requirements-Document/node_modules/.pnpm/undici-types@7.24.6/node_modules/undici-types/snapshot-agent.d.ts
C:/Users/USER/project/Product-Requirements-Document/node_modules/.pnpm/undici-types@7.24.6/node_modules/undici-types/mock-errors.d.ts
C:/Users/USER/project/Product-Requirements-Document/node_modules/.pnpm/undici-types@7.24.6/node_modules/undici-types/proxy-agent.d.ts
C:/Users/USER/project/Product-Requirements-Document/node_modules/.pnpm/undici-types@7.24.6/node_modules/undici-types/socks5-proxy-agent.d.ts
C:/Users/USER/project/Product-Requirements-Document/node_modules/.pnpm/undici-types@7.24.6/node_modules/undici-types/env-http-proxy-agent.d.ts
C:/Users/USER/project/Product-Requirements-Document/node_modules/.pnpm/undici-types@7.24.6/node_modules/undici-types/retry-handler.d.ts
C:/Users/USER/project/Product-Requirements-Document/node_modules/.pnpm/undici-types@7.24.6/node_modules/undici-types/retry-agent.d.ts
C:/Users/USER/project/Product-Requirements-Document/node_modules/.pnpm/undici-types@7.24.6/node_modules/undici-types/api.d.ts
C:/Users/USER/project/Product-Requirements-Document/node_modules/.pnpm/undici-types@7.24.6/node_modules/undici-types/cache-interceptor.d.ts
C:/Users/USER/project/Product-Requirements-Document/node_modules/.pnpm/undici-types@7.24.6/node_modules/undici-types/interceptors.d.ts
C:/Users/USER/project/Product-Requirements-Document/node_modules/.pnpm/undici-types@7.24.6/node_modules/undici-types/util.d.ts
C:/Users/USER/project/Product-Requirements-Document/node_modules/.pnpm/undici-types@7.24.6/node_modules/undici-types/cookies.d.ts
C:/Users/USER/project/Product-Requirements-Document/node_modules/.pnpm/undici-types@7.24.6/node_modules/undici-types/patch.d.ts
C:/Users/USER/project/Product-Requirements-Document/node_modules/.pnpm/undici-types@7.24.6/node_modules/undici-types/websocket.d.ts
C:/Users/USER/project/Product-Requirements-Document/node_modules/.pnpm/undici-types@7.24.6/node_modules/undici-types/eventsource.d.ts
C:/Users/USER/project/Product-Requirements-Document/node_modules/.pnpm/undici-types@7.24.6/node_modules/undici-types/diagnostics-channel.d.ts
C:/Users/USER/project/Product-Requirements-Document/node_modules/.pnpm/undici-types@7.24.6/node_modules/undici-types/content-type.d.ts
C:/Users/USER/project/Product-Requirements-Document/node_modules/.pnpm/undici-types@7.24.6/node_modules/undici-types/cache.d.ts
C:/Users/USER/project/Product-Requirements-Document/node_modules/.pnpm/undici-types@7.24.6/node_modules/undici-types/index.d.ts
C:/Users/USER/project/Product-Requirements-Document/node_modules/.pnpm/@types+node@25.9.4/node_modules/@types/node/web-globals/fetch.d.ts
C:/Users/USER/project/Product-Requirements-Document/node_modules/.pnpm/@types+node@25.9.4/node_modules/@types/node/web-globals/importmeta.d.ts
C:/Users/USER/project/Product-Requirements-Document/node_modules/.pnpm/@types+node@25.9.4/node_modules/@types/node/web-globals/messaging.d.ts
C:/Users/USER/project/Product-Requirements-Document/node_modules/.pnpm/@types+node@25.9.4/node_modules/@types/node/web-globals/navigator.d.ts
C:/Users/USER/project/Product-Requirements-Document/node_modules/.pnpm/@types+node@25.9.4/node_modules/@types/node/web-globals/performance.d.ts
C:/Users/USER/project/Product-Requirements-Document/node_modules/.pnpm/@types+node@25.9.4/node_modules/@types/node/web-globals/storage.d.ts
C:/Users/USER/project/Product-Requirements-Document/node_modules/.pnpm/@types+node@25.9.4/node_modules/@types/node/web-globals/streams.d.ts
C:/Users/USER/project/Product-Requirements-Document/node_modules/.pnpm/@types+node@25.9.4/node_modules/@types/node/web-globals/timers.d.ts
C:/Users/USER/project/Product-Requirements-Document/node_modules/.pnpm/@types+node@25.9.4/node_modules/@types/node/web-globals/url.d.ts
C:/Users/USER/project/Product-Requirements-Document/node_modules/.pnpm/@types+node@25.9.4/node_modules/@types/node/assert.d.ts
C:/Users/USER/project/Product-Requirements-Document/node_modules/.pnpm/@types+node@25.9.4/node_modules/@types/node/assert/strict.d.ts
C:/Users/USER/project/Product-Requirements-Document/node_modules/.pnpm/@types+node@25.9.4/node_modules/@types/node/async_hooks.d.ts
C:/Users/USER/project/Product-Requirements-Document/node_modules/.pnpm/@types+node@25.9.4/node_modules/@types/node/buffer.d.ts
C:/Users/USER/project/Product-Requirements-Document/node_modules/.pnpm/@types+node@25.9.4/node_modules/@types/node/child_process.d.ts
C:/Users/USER/project/Product-Requirements-Document/node_modules/.pnpm/@types+node@25.9.4/node_modules/@types/node/cluster.d.ts
C:/Users/USER/project/Product-Requirements-Document/node_modules/.pnpm/@types+node@25.9.4/node_modules/@types/node/console.d.ts
C:/Users/USER/project/Product-Requirements-Document/node_modules/.pnpm/@types+node@25.9.4/node_modules/@types/node/constants.d.ts
C:/Users/USER/project/Product-Requirements-Document/node_modules/.pnpm/@types+node@25.9.4/node_modules/@types/node/crypto.d.ts
C:/Users/USER/project/Product-Requirements-Document/node_modules/.pnpm/@types+node@25.9.4/node_modules/@types/node/dgram.d.ts
C:/Users/USER/project/Product-Requirements-Document/node_modules/.pnpm/@types+node@25.9.4/node_modules/@types/node/diagnostics_channel.d.ts
C:/Users/USER/project/Product-Requirements-Document/node_modules/.pnpm/@types+node@25.9.4/node_modules/@types/node/dns.d.ts
C:/Users/USER/project/Product-Requirements-Document/node_modules/.pnpm/@types+node@25.9.4/node_modules/@types/node/dns/promises.d.ts
C:/Users/USER/project/Product-Requirements-Document/node_modules/.pnpm/@types+node@25.9.4/node_modules/@types/node/domain.d.ts
C:/Users/USER/project/Product-Requirements-Document/node_modules/.pnpm/@types+node@25.9.4/node_modules/@types/node/events.d.ts
C:/Users/USER/project/Product-Requirements-Document/node_modules/.pnpm/@types+node@25.9.4/node_modules/@types/node/fs.d.ts
C:/Users/USER/project/Product-Requirements-Document/node_modules/.pnpm/@types+node@25.9.4/node_modules/@types/node/fs/promises.d.ts
C:/Users/USER/project/Product-Requirements-Document/node_modules/.pnpm/@types+node@25.9.4/node_modules/@types/node/http.d.ts
C:/Users/USER/project/Product-Requirements-Document/node_modules/.pnpm/@types+node@25.9.4/node_modules/@types/node/http2.d.ts
C:/Users/USER/project/Product-Requirements-Document/node_modules/.pnpm/@types+node@25.9.4/node_modules/@types/node/https.d.ts
C:/Users/USER/project/Product-Requirements-Document/node_modules/.pnpm/@types+node@25.9.4/node_modules/@types/node/inspector.d.ts
C:/Users/USER/project/Product-Requirements-Document/node_modules/.pnpm/@types+node@25.9.4/node_modules/@types/node/inspector.generated.d.ts
C:/Users/USER/project/Product-Requirements-Document/node_modules/.pnpm/@types+node@25.9.4/node_modules/@types/node/inspector/promises.d.ts
C:/Users/USER/project/Product-Requirements-Document/node_modules/.pnpm/@types+node@25.9.4/node_modules/@types/node/module.d.ts
C:/Users/USER/project/Product-Requirements-Document/node_modules/.pnpm/@types+node@25.9.4/node_modules/@types/node/net.d.ts
C:/Users/USER/project/Product-Requirements-Document/node_modules/.pnpm/@types+node@25.9.4/node_modules/@types/node/os.d.ts
C:/Users/USER/project/Product-Requirements-Document/node_modules/.pnpm/@types+node@25.9.4/node_modules/@types/node/path.d.ts
C:/Users/USER/project/Product-Requirements-Document/node_modules/.pnpm/@types+node@25.9.4/node_modules/@types/node/path/posix.d.ts
C:/Users/USER/project/Product-Requirements-Document/node_modules/.pnpm/@types+node@25.9.4/node_modules/@types/node/path/win32.d.ts
C:/Users/USER/project/Product-Requirements-Document/node_modules/.pnpm/@types+node@25.9.4/node_modules/@types/node/perf_hooks.d.ts
C:/Users/USER/project/Product-Requirements-Document/node_modules/.pnpm/@types+node@25.9.4/node_modules/@types/node/process.d.ts
C:/Users/USER/project/Product-Requirements-Document/node_modules/.pnpm/@types+node@25.9.4/node_modules/@types/node/punycode.d.ts
C:/Users/USER/project/Product-Requirements-Document/node_modules/.pnpm/@types+node@25.9.4/node_modules/@types/node/querystring.d.ts
C:/Users/USER/project/Product-Requirements-Document/node_modules/.pnpm/@types+node@25.9.4/node_modules/@types/node/quic.d.ts
C:/Users/USER/project/Product-Requirements-Document/node_modules/.pnpm/@types+node@25.9.4/node_modules/@types/node/readline.d.ts
C:/Users/USER/project/Product-Requirements-Document/node_modules/.pnpm/@types+node@25.9.4/node_modules/@types/node/readline/promises.d.ts
C:/Users/USER/project/Product-Requirements-Document/node_modules/.pnpm/@types+node@25.9.4/node_modules/@types/node/repl.d.ts
C:/Users/USER/project/Product-Requirements-Document/node_modules/.pnpm/@types+node@25.9.4/node_modules/@types/node/sea.d.ts
C:/Users/USER/project/Product-Requirements-Document/node_modules/.pnpm/@types+node@25.9.4/node_modules/@types/node/sqlite.d.ts
C:/Users/USER/project/Product-Requirements-Document/node_modules/.pnpm/@types+node@25.9.4/node_modules/@types/node/stream.d.ts
C:/Users/USER/project/Product-Requirements-Document/node_modules/.pnpm/@types+node@25.9.4/node_modules/@types/node/stream/consumers.d.ts
C:/Users/USER/project/Product-Requirements-Document/node_modules/.pnpm/@types+node@25.9.4/node_modules/@types/node/stream/iter.d.ts
C:/Users/USER/project/Product-Requirements-Document/node_modules/.pnpm/@types+node@25.9.4/node_modules/@types/node/stream/promises.d.ts
C:/Users/USER/project/Product-Requirements-Document/node_modules/.pnpm/@types+node@25.9.4/node_modules/@types/node/stream/web.d.ts
C:/Users/USER/project/Product-Requirements-Document/node_modules/.pnpm/@types+node@25.9.4/node_modules/@types/node/string_decoder.d.ts
C:/Users/USER/project/Product-Requirements-Document/node_modules/.pnpm/@types+node@25.9.4/node_modules/@types/node/test.d.ts
C:/Users/USER/project/Product-Requirements-Document/node_modules/.pnpm/@types+node@25.9.4/node_modules/@types/node/test/reporters.d.ts
C:/Users/USER/project/Product-Requirements-Document/node_modules/.pnpm/@types+node@25.9.4/node_modules/@types/node/timers.d.ts
C:/Users/USER/project/Product-Requirements-Document/node_modules/.pnpm/@types+node@25.9.4/node_modules/@types/node/timers/promises.d.ts
C:/Users/USER/project/Product-Requirements-Document/node_modules/.pnpm/@types+node@25.9.4/node_modules/@types/node/tls.d.ts
C:/Users/USER/project/Product-Requirements-Document/node_modules/.pnpm/@types+node@25.9.4/node_modules/@types/node/trace_events.d.ts
C:/Users/USER/project/Product-Requirements-Document/node_modules/.pnpm/@types+node@25.9.4/node_modules/@types/node/tty.d.ts
C:/Users/USER/project/Product-Requirements-Document/node_modules/.pnpm/@types+node@25.9.4/node_modules/@types/node/url.d.ts
C:/Users/USER/project/Product-Requirements-Document/node_modules/.pnpm/@types+node@25.9.4/node_modules/@types/node/util.d.ts
C:/Users/USER/project/Product-Requirements-Document/node_modules/.pnpm/@types+node@25.9.4/node_modules/@types/node/util/types.d.ts
C:/Users/USER/project/Product-Requirements-Document/node_modules/.pnpm/@types+node@25.9.4/node_modules/@types/node/v8.d.ts
C:/Users/USER/project/Product-Requirements-Document/node_modules/.pnpm/@types+node@25.9.4/node_modules/@types/node/vm.d.ts
C:/Users/USER/project/Product-Requirements-Document/node_modules/.pnpm/@types+node@25.9.4/node_modules/@types/node/wasi.d.ts
C:/Users/USER/project/Product-Requirements-Document/node_modules/.pnpm/@types+node@25.9.4/node_modules/@types/node/worker_threads.d.ts
C:/Users/USER/project/Product-Requirements-Document/node_modules/.pnpm/@types+node@25.9.4/node_modules/@types/node/zlib.d.ts
C:/Users/USER/project/Product-Requirements-Document/node_modules/.pnpm/@types+node@25.9.4/node_modules/@types/node/zlib/iter.d.ts
C:/Users/USER/project/Product-Requirements-Document/node_modules/.pnpm/@types+node@25.9.4/node_modules/@types/node/index.d.ts
C:/Users/USER/project/Product-Requirements-Document/node_modules/.pnpm/dotenv@16.6.1/node_modules/dotenv/lib/main.d.ts
C:/Users/USER/project/Product-Requirements-Document/node_modules/.pnpm/pg-types@2.2.0/node_modules/pg-types/index.d.ts
C:/Users/USER/project/Product-Requirements-Document/node_modules/.pnpm/pg-protocol@1.15.0/node_modules/pg-protocol/dist/messages.d.ts
C:/Users/USER/project/Product-Requirements-Document/node_modules/.pnpm/pg-protocol@1.15.0/node_modules/pg-protocol/dist/serializer.d.ts
C:/Users/USER/project/Product-Requirements-Document/node_modules/.pnpm/pg-protocol@1.15.0/node_modules/pg-protocol/dist/parser.d.ts
C:/Users/USER/project/Product-Requirements-Document/node_modules/.pnpm/pg-protocol@1.15.0/node_modules/pg-protocol/dist/index.d.ts
C:/Users/USER/project/Product-Requirements-Document/node_modules/.pnpm/@types+pg@8.20.0/node_modules/@types/pg/lib/type-overrides.d.ts
C:/Users/USER/project/Product-Requirements-Document/node_modules/.pnpm/@types+pg@8.20.0/node_modules/@types/pg/index.d.ts
C:/Users/USER/project/Product-Requirements-Document/node_modules/.pnpm/@types+pg@8.20.0/node_modules/@types/pg/index.d.mts
C:/Users/USER/project/Product-Requirements-Document/node_modules/.pnpm/drizzle-orm@0.45.2_@types+pg@8.20.0_pg@8.22.0/node_modules/drizzle-orm/entity.d.ts
C:/Users/USER/project/Product-Requirements-Document/node_modules/.pnpm/drizzle-orm@0.45.2_@types+pg@8.20.0_pg@8.22.0/node_modules/drizzle-orm/logger.d.ts
C:/Users/USER/project/Product-Requirements-Document/node_modules/.pnpm/drizzle-orm@0.45.2_@types+pg@8.20.0_pg@8.22.0/node_modules/drizzle-orm/casing.d.ts
C:/Users/USER/project/Product-Requirements-Document/node_modules/.pnpm/drizzle-orm@0.45.2_@types+pg@8.20.0_pg@8.22.0/node_modules/drizzle-orm/subquery.d.ts
C:/Users/USER/project/Product-Requirements-Document/node_modules/.pnpm/drizzle-orm@0.45.2_@types+pg@8.20.0_pg@8.22.0/node_modules/drizzle-orm/table.d.ts
C:/Users/USER/project/Product-Requirements-Document/node_modules/.pnpm/drizzle-orm@0.45.2_@types+pg@8.20.0_pg@8.22.0/node_modules/drizzle-orm/operations.d.ts
C:/Users/USER/project/Product-Requirements-Document/node_modules/.pnpm/drizzle-orm@0.45.2_@types+pg@8.20.0_pg@8.22.0/node_modules/drizzle-orm/query-builders/select.types.d.ts
C:/Users/USER/project/Product-Requirements-Document/node_modules/.pnpm/drizzle-orm@0.45.2_@types+pg@8.20.0_pg@8.22.0/node_modules/drizzle-orm/sql/sql.d.ts
C:/Users/USER/project/Product-Requirements-Document/node_modules/.pnpm/drizzle-orm@0.45.2_@types+pg@8.20.0_pg@8.22.0/node_modules/drizzle-orm/utils.d.ts
C:/Users/USER/project/Product-Requirements-Document/node_modules/.pnpm/drizzle-orm@0.45.2_@types+pg@8.20.0_pg@8.22.0/node_modules/drizzle-orm/sql/expressions/conditions.d.ts
C:/Users/USER/project/Product-Requirements-Document/node_modules/.pnpm/drizzle-orm@0.45.2_@types+pg@8.20.0_pg@8.22.0/node_modules/drizzle-orm/sql/expressions/select.d.ts
C:/Users/USER/project/Product-Requirements-Document/node_modules/.pnpm/drizzle-orm@0.45.2_@types+pg@8.20.0_pg@8.22.0/node_modules/drizzle-orm/sql/expressions/index.d.ts
C:/Users/USER/project/Product-Requirements-Document/node_modules/.pnpm/drizzle-orm@0.45.2_@types+pg@8.20.0_pg@8.22.0/node_modules/drizzle-orm/sql/functions/aggregate.d.ts
C:/Users/USER/project/Product-Requirements-Document/node_modules/.pnpm/drizzle-orm@0.45.2_@types+pg@8.20.0_pg@8.22.0/node_modules/drizzle-orm/query-builders/query-builder.d.ts
C:/Users/USER/project/Product-Requirements-Document/node_modules/.pnpm/drizzle-orm@0.45.2_@types+pg@8.20.0_pg@8.22.0/node_modules/drizzle-orm/sql/functions/vector.d.ts
C:/Users/USER/project/Product-Requirements-Document/node_modules/.pnpm/drizzle-orm@0.45.2_@types+pg@8.20.0_pg@8.22.0/node_modules/drizzle-orm/sql/functions/index.d.ts
C:/Users/USER/project/Product-Requirements-Document/node_modules/.pnpm/drizzle-orm@0.45.2_@types+pg@8.20.0_pg@8.22.0/node_modules/drizzle-orm/sql/index.d.ts
C:/Users/USER/project/Product-Requirements-Document/node_modules/.pnpm/drizzle-orm@0.45.2_@types+pg@8.20.0_pg@8.22.0/node_modules/drizzle-orm/gel-core/checks.d.ts
C:/Users/USER/project/Product-Requirements-Document/node_modules/.pnpm/drizzle-orm@0.45.2_@types+pg@8.20.0_pg@8.22.0/node_modules/drizzle-orm/gel-core/sequence.d.ts
C:/Users/USER/project/Product-Requirements-Document/node_modules/.pnpm/drizzle-orm@0.45.2_@types+pg@8.20.0_pg@8.22.0/node_modules/drizzle-orm/gel-core/columns/int.common.d.ts
C:/Users/USER/project/Product-Requirements-Document/node_modules/.pnpm/drizzle-orm@0.45.2_@types+pg@8.20.0_pg@8.22.0/node_modules/drizzle-orm/gel-core/columns/bigintT.d.ts
C:/Users/USER/project/Product-Requirements-Document/node_modules/.pnpm/drizzle-orm@0.45.2_@types+pg@8.20.0_pg@8.22.0/node_modules/drizzle-orm/gel-core/columns/boolean.d.ts
C:/Users/USER/project/Product-Requirements-Document/node_modules/.pnpm/drizzle-orm@0.45.2_@types+pg@8.20.0_pg@8.22.0/node_modules/drizzle-orm/gel-core/columns/bytes.d.ts
C:/Users/USER/project/Product-Requirements-Document/node_modules/.pnpm/drizzle-orm@0.45.2_@types+pg@8.20.0_pg@8.22.0/node_modules/drizzle-orm/gel-core/columns/custom.d.ts
C:/Users/USER/project/Product-Requirements-Document/node_modules/.pnpm/drizzle-orm@0.45.2_@types+pg@8.20.0_pg@8.22.0/node_modules/drizzle-orm/gel-core/columns/date-duration.d.ts
C:/Users/USER/project/Product-Requirements-Document/node_modules/.pnpm/drizzle-orm@0.45.2_@types+pg@8.20.0_pg@8.22.0/node_modules/drizzle-orm/gel-core/columns/decimal.d.ts
C:/Users/USER/project/Product-Requirements-Document/node_modules/.pnpm/drizzle-orm@0.45.2_@types+pg@8.20.0_pg@8.22.0/node_modules/drizzle-orm/gel-core/columns/double-precision.d.ts
C:/Users/USER/project/Product-Requirements-Document/node_modules/.pnpm/drizzle-orm@0.45.2_@types+pg@8.20.0_pg@8.22.0/node_modules/drizzle-orm/gel-core/columns/duration.d.ts
C:/Users/USER/project/Product-Requirements-Document/node_modules/.pnpm/drizzle-orm@0.45.2_@types+pg@8.20.0_pg@8.22.0/node_modules/drizzle-orm/gel-core/columns/integer.d.ts
C:/Users/USER/project/Product-Requirements-Document/node_modules/.pnpm/drizzle-orm@0.45.2_@types+pg@8.20.0_pg@8.22.0/node_modules/drizzle-orm/gel-core/columns/json.d.ts
C:/Users/USER/project/Product-Requirements-Document/node_modules/.pnpm/drizzle-orm@0.45.2_@types+pg@8.20.0_pg@8.22.0/node_modules/drizzle-orm/gel-core/columns/date.common.d.ts
C:/Users/USER/project/Product-Requirements-Document/node_modules/.pnpm/drizzle-orm@0.45.2_@types+pg@8.20.0_pg@8.22.0/node_modules/drizzle-orm/gel-core/columns/localdate.d.ts
C:/Users/USER/project/Product-Requirements-Document/node_modules/.pnpm/drizzle-orm@0.45.2_@types+pg@8.20.0_pg@8.22.0/node_modules/drizzle-orm/gel-core/columns/localtime.d.ts
C:/Users/USER/project/Product-Requirements-Document/node_modules/.pnpm/drizzle-orm@0.45.2_@types+pg@8.20.0_pg@8.22.0/node_modules/drizzle-orm/gel-core/columns/real.d.ts
C:/Users/USER/project/Product-Requirements-Document/node_modules/.pnpm/drizzle-orm@0.45.2_@types+pg@8.20.0_pg@8.22.0/node_modules/drizzle-orm/gel-core/columns/relative-duration.d.ts
C:/Users/USER/project/Product-Requirements-Document/node_modules/.pnpm/drizzle-orm@0.45.2_@types+pg@8.20.0_pg@8.22.0/node_modules/drizzle-orm/gel-core/columns/smallint.d.ts
C:/Users/USER/project/Product-Requirements-Document/node_modules/.pnpm/drizzle-orm@0.45.2_@types+pg@8.20.0_pg@8.22.0/node_modules/drizzle-orm/gel-core/columns/text.d.ts
C:/Users/USER/project/Product-Requirements-Document/node_modules/.pnpm/drizzle-orm@0.45.2_@types+pg@8.20.0_pg@8.22.0/node_modules/drizzle-orm/gel-core/columns/timestamp.d.ts
C:/Users/USER/project/Product-Requirements-Document/node_modules/.pnpm/drizzle-orm@0.45.2_@types+pg@8.20.0_pg@8.22.0/node_modules/drizzle-orm/gel-core/columns/timestamptz.d.ts
C:/Users/USER/project/Product-Requirements-Document/node_modules/.pnpm/drizzle-orm@0.45.2_@types+pg@8.20.0_pg@8.22.0/node_modules/drizzle-orm/gel-core/columns/uuid.d.ts
C:/Users/USER/project/Product-Requirements-Document/node_modules/.pnpm/drizzle-orm@0.45.2_@types+pg@8.20.0_pg@8.22.0/node_modules/drizzle-orm/gel-core/columns/all.d.ts
C:/Users/USER/project/Product-Requirements-Document/node_modules/.pnpm/drizzle-orm@0.45.2_@types+pg@8.20.0_pg@8.22.0/node_modules/drizzle-orm/gel-core/indexes.d.ts
C:/Users/USER/project/Product-Requirements-Document/node_modules/.pnpm/drizzle-orm@0.45.2_@types+pg@8.20.0_pg@8.22.0/node_modules/drizzle-orm/gel-core/roles.d.ts
C:/Users/USER/project/Product-Requirements-Document/node_modules/.pnpm/drizzle-orm@0.45.2_@types+pg@8.20.0_pg@8.22.0/node_modules/drizzle-orm/gel-core/policies.d.ts
C:/Users/USER/project/Product-Requirements-Document/node_modules/.pnpm/drizzle-orm@0.45.2_@types+pg@8.20.0_pg@8.22.0/node_modules/drizzle-orm/gel-core/primary-keys.d.ts
C:/Users/USER/project/Product-Requirements-Document/node_modules/.pnpm/drizzle-orm@0.45.2_@types+pg@8.20.0_pg@8.22.0/node_modules/drizzle-orm/gel-core/unique-constraint.d.ts
C:/Users/USER/project/Product-Requirements-Document/node_modules/.pnpm/drizzle-orm@0.45.2_@types+pg@8.20.0_pg@8.22.0/node_modules/drizzle-orm/gel-core/table.d.ts
C:/Users/USER/project/Product-Requirements-Document/node_modules/.pnpm/drizzle-orm@0.45.2_@types+pg@8.20.0_pg@8.22.0/node_modules/drizzle-orm/gel-core/foreign-keys.d.ts
C:/Users/USER/project/Product-Requirements-Document/node_modules/.pnpm/drizzle-orm@0.45.2_@types+pg@8.20.0_pg@8.22.0/node_modules/drizzle-orm/gel-core/columns/common.d.ts
C:/Users/USER/project/Product-Requirements-Document/node_modules/.pnpm/drizzle-orm@0.45.2_@types+pg@8.20.0_pg@8.22.0/node_modules/drizzle-orm/gel-core/columns/bigint.d.ts
C:/Users/USER/project/Product-Requirements-Document/node_modules/.pnpm/drizzle-orm@0.45.2_@types+pg@8.20.0_pg@8.22.0/node_modules/drizzle-orm/gel-core/columns/index.d.ts
C:/Users/USER/project/Product-Requirements-Document/node_modules/.pnpm/drizzle-orm@0.45.2_@types+pg@8.20.0_pg@8.22.0/node_modules/drizzle-orm/gel-core/view-base.d.ts
C:/Users/USER/project/Product-Requirements-Document/node_modules/.pnpm/drizzle-orm@0.45.2_@types+pg@8.20.0_pg@8.22.0/node_modules/drizzle-orm/cache/core/types.d.ts
C:/Users/USER/project/Product-Requirements-Document/node_modules/.pnpm/drizzle-orm@0.45.2_@types+pg@8.20.0_pg@8.22.0/node_modules/drizzle-orm/relations.d.ts
C:/Users/USER/project/Product-Requirements-Document/node_modules/.pnpm/drizzle-orm@0.45.2_@types+pg@8.20.0_pg@8.22.0/node_modules/drizzle-orm/session.d.ts
C:/Users/USER/project/Product-Requirements-Document/node_modules/.pnpm/drizzle-orm@0.45.2_@types+pg@8.20.0_pg@8.22.0/node_modules/drizzle-orm/gel-core/query-builders/count.d.ts
C:/Users/USER/project/Product-Requirements-Document/node_modules/.pnpm/drizzle-orm@0.45.2_@types+pg@8.20.0_pg@8.22.0/node_modules/drizzle-orm/query-promise.d.ts
C:/Users/USER/project/Product-Requirements-Document/node_modules/.pnpm/drizzle-orm@0.45.2_@types+pg@8.20.0_pg@8.22.0/node_modules/drizzle-orm/runnable-query.d.ts
C:/Users/USER/project/Product-Requirements-Document/node_modules/.pnpm/drizzle-orm@0.45.2_@types+pg@8.20.0_pg@8.22.0/node_modules/drizzle-orm/gel-core/query-builders/query.d.ts
C:/Users/USER/project/Product-Requirements-Document/node_modules/.pnpm/drizzle-orm@0.45.2_@types+pg@8.20.0_pg@8.22.0/node_modules/drizzle-orm/gel-core/query-builders/raw.d.ts
C:/Users/USER/project/Product-Requirements-Document/node_modules/.pnpm/drizzle-orm@0.45.2_@types+pg@8.20.0_pg@8.22.0/node_modules/drizzle-orm/gel-core/subquery.d.ts
C:/Users/USER/project/Product-Requirements-Document/node_modules/.pnpm/drizzle-orm@0.45.2_@types+pg@8.20.0_pg@8.22.0/node_modules/drizzle-orm/gel-core/db.d.ts
C:/Users/USER/project/Product-Requirements-Document/node_modules/.pnpm/drizzle-orm@0.45.2_@types+pg@8.20.0_pg@8.22.0/node_modules/drizzle-orm/gel-core/session.d.ts
C:/Users/USER/project/Product-Requirements-Document/node_modules/.pnpm/drizzle-orm@0.45.2_@types+pg@8.20.0_pg@8.22.0/node_modules/drizzle-orm/gel-core/query-builders/delete.d.ts
C:/Users/USER/project/Product-Requirements-Document/node_modules/.pnpm/drizzle-orm@0.45.2_@types+pg@8.20.0_pg@8.22.0/node_modules/drizzle-orm/gel-core/query-builders/update.d.ts
C:/Users/USER/project/Product-Requirements-Document/node_modules/.pnpm/drizzle-orm@0.45.2_@types+pg@8.20.0_pg@8.22.0/node_modules/drizzle-orm/gel-core/query-builders/insert.d.ts
C:/Users/USER/project/Product-Requirements-Document/node_modules/.pnpm/drizzle-orm@0.45.2_@types+pg@8.20.0_pg@8.22.0/node_modules/drizzle-orm/gel-core/query-builders/refresh-materialized-view.d.ts
C:/Users/USER/project/Product-Requirements-Document/node_modules/.pnpm/drizzle-orm@0.45.2_@types+pg@8.20.0_pg@8.22.0/node_modules/drizzle-orm/gel-core/query-builders/select.d.ts
C:/Users/USER/project/Product-Requirements-Document/node_modules/.pnpm/drizzle-orm@0.45.2_@types+pg@8.20.0_pg@8.22.0/node_modules/drizzle-orm/gel-core/query-builders/index.d.ts
C:/Users/USER/project/Product-Requirements-Document/node_modules/.pnpm/drizzle-orm@0.45.2_@types+pg@8.20.0_pg@8.22.0/node_modules/drizzle-orm/gel-core/dialect.d.ts
C:/Users/USER/project/Product-Requirements-Document/node_modules/.pnpm/drizzle-orm@0.45.2_@types+pg@8.20.0_pg@8.22.0/node_modules/drizzle-orm/gel-core/query-builders/query-builder.d.ts
C:/Users/USER/project/Product-Requirements-Document/node_modules/.pnpm/drizzle-orm@0.45.2_@types+pg@8.20.0_pg@8.22.0/node_modules/drizzle-orm/gel-core/view-common.d.ts
C:/Users/USER/project/Product-Requirements-Document/node_modules/.pnpm/drizzle-orm@0.45.2_@types+pg@8.20.0_pg@8.22.0/node_modules/drizzle-orm/gel-core/view.d.ts
C:/Users/USER/project/Product-Requirements-Document/node_modules/.pnpm/drizzle-orm@0.45.2_@types+pg@8.20.0_pg@8.22.0/node_modules/drizzle-orm/gel-core/query-builders/select.types.d.ts
C:/Users/USER/project/Product-Requirements-Document/node_modules/.pnpm/drizzle-orm@0.45.2_@types+pg@8.20.0_pg@8.22.0/node_modules/drizzle-orm/gel-core/alias.d.ts
C:/Users/USER/project/Product-Requirements-Document/node_modules/.pnpm/drizzle-orm@0.45.2_@types+pg@8.20.0_pg@8.22.0/node_modules/drizzle-orm/gel-core/schema.d.ts
C:/Users/USER/project/Product-Requirements-Document/node_modules/.pnpm/drizzle-orm@0.45.2_@types+pg@8.20.0_pg@8.22.0/node_modules/drizzle-orm/gel-core/utils.d.ts
C:/Users/USER/project/Product-Requirements-Document/node_modules/.pnpm/drizzle-orm@0.45.2_@types+pg@8.20.0_pg@8.22.0/node_modules/drizzle-orm/gel-core/index.d.ts
C:/Users/USER/project/Product-Requirements-Document/node_modules/.pnpm/drizzle-orm@0.45.2_@types+pg@8.20.0_pg@8.22.0/node_modules/drizzle-orm/mysql-core/checks.d.ts
C:/Users/USER/project/Product-Requirements-Document/node_modules/.pnpm/drizzle-orm@0.45.2_@types+pg@8.20.0_pg@8.22.0/node_modules/drizzle-orm/mysql-core/columns/binary.d.ts
C:/Users/USER/project/Product-Requirements-Document/node_modules/.pnpm/drizzle-orm@0.45.2_@types+pg@8.20.0_pg@8.22.0/node_modules/drizzle-orm/mysql-core/columns/boolean.d.ts
C:/Users/USER/project/Product-Requirements-Document/node_modules/.pnpm/drizzle-orm@0.45.2_@types+pg@8.20.0_pg@8.22.0/node_modules/drizzle-orm/mysql-core/columns/char.d.ts
C:/Users/USER/project/Product-Requirements-Document/node_modules/.pnpm/drizzle-orm@0.45.2_@types+pg@8.20.0_pg@8.22.0/node_modules/drizzle-orm/mysql-core/columns/custom.d.ts
C:/Users/USER/project/Product-Requirements-Document/node_modules/.pnpm/drizzle-orm@0.45.2_@types+pg@8.20.0_pg@8.22.0/node_modules/drizzle-orm/mysql-core/columns/date.d.ts
C:/Users/USER/project/Product-Requirements-Document/node_modules/.pnpm/drizzle-orm@0.45.2_@types+pg@8.20.0_pg@8.22.0/node_modules/drizzle-orm/mysql-core/columns/datetime.d.ts
C:/Users/USER/project/Product-Requirements-Document/node_modules/.pnpm/drizzle-orm@0.45.2_@types+pg@8.20.0_pg@8.22.0/node_modules/drizzle-orm/mysql-core/columns/decimal.d.ts
C:/Users/USER/project/Product-Requirements-Document/node_modules/.pnpm/drizzle-orm@0.45.2_@types+pg@8.20.0_pg@8.22.0/node_modules/drizzle-orm/mysql-core/columns/double.d.ts
C:/Users/USER/project/Product-Requirements-Document/node_modules/.pnpm/drizzle-orm@0.45.2_@types+pg@8.20.0_pg@8.22.0/node_modules/drizzle-orm/mysql-core/columns/enum.d.ts
C:/Users/USER/project/Product-Requirements-Document/node_modules/.pnpm/drizzle-orm@0.45.2_@types+pg@8.20.0_pg@8.22.0/node_modules/drizzle-orm/mysql-core/columns/float.d.ts
C:/Users/USER/project/Product-Requirements-Document/node_modules/.pnpm/drizzle-orm@0.45.2_@types+pg@8.20.0_pg@8.22.0/node_modules/drizzle-orm/mysql-core/columns/int.d.ts
C:/Users/USER/project/Product-Requirements-Document/node_modules/.pnpm/drizzle-orm@0.45.2_@types+pg@8.20.0_pg@8.22.0/node_modules/drizzle-orm/mysql-core/columns/json.d.ts
C:/Users/USER/project/Product-Requirements-Document/node_modules/.pnpm/drizzle-orm@0.45.2_@types+pg@8.20.0_pg@8.22.0/node_modules/drizzle-orm/mysql-core/columns/mediumint.d.ts
C:/Users/USER/project/Product-Requirements-Document/node_modules/.pnpm/drizzle-orm@0.45.2_@types+pg@8.20.0_pg@8.22.0/node_modules/drizzle-orm/mysql-core/columns/real.d.ts
C:/Users/USER/project/Product-Requirements-Document/node_modules/.pnpm/drizzle-orm@0.45.2_@types+pg@8.20.0_pg@8.22.0/node_modules/drizzle-orm/mysql-core/columns/serial.d.ts
C:/Users/USER/project/Product-Requirements-Document/node_modules/.pnpm/drizzle-orm@0.45.2_@types+pg@8.20.0_pg@8.22.0/node_modules/drizzle-orm/mysql-core/columns/smallint.d.ts
C:/Users/USER/project/Product-Requirements-Document/node_modules/.pnpm/drizzle-orm@0.45.2_@types+pg@8.20.0_pg@8.22.0/node_modules/drizzle-orm/mysql-core/columns/text.d.ts
C:/Users/USER/project/Product-Requirements-Document/node_modules/.pnpm/drizzle-orm@0.45.2_@types+pg@8.20.0_pg@8.22.0/node_modules/drizzle-orm/mysql-core/columns/time.d.ts
C:/Users/USER/project/Product-Requirements-Document/node_modules/.pnpm/drizzle-orm@0.45.2_@types+pg@8.20.0_pg@8.22.0/node_modules/drizzle-orm/mysql-core/columns/date.common.d.ts
C:/Users/USER/project/Product-Requirements-Document/node_modules/.pnpm/drizzle-orm@0.45.2_@types+pg@8.20.0_pg@8.22.0/node_modules/drizzle-orm/mysql-core/columns/timestamp.d.ts
C:/Users/USER/project/Product-Requirements-Document/node_modules/.pnpm/drizzle-orm@0.45.2_@types+pg@8.20.0_pg@8.22.0/node_modules/drizzle-orm/mysql-core/columns/tinyint.d.ts
C:/Users/USER/project/Product-Requirements-Document/node_modules/.pnpm/drizzle-orm@0.45.2_@types+pg@8.20.0_pg@8.22.0/node_modules/drizzle-orm/mysql-core/columns/varbinary.d.ts
C:/Users/USER/project/Product-Requirements-Document/node_modules/.pnpm/drizzle-orm@0.45.2_@types+pg@8.20.0_pg@8.22.0/node_modules/drizzle-orm/mysql-core/columns/varchar.d.ts
C:/Users/USER/project/Product-Requirements-Document/node_modules/.pnpm/drizzle-orm@0.45.2_@types+pg@8.20.0_pg@8.22.0/node_modules/drizzle-orm/mysql-core/columns/year.d.ts
C:/Users/USER/project/Product-Requirements-Document/node_modules/.pnpm/drizzle-orm@0.45.2_@types+pg@8.20.0_pg@8.22.0/node_modules/drizzle-orm/mysql-core/columns/all.d.ts
C:/Users/USER/project/Product-Requirements-Document/node_modules/.pnpm/drizzle-orm@0.45.2_@types+pg@8.20.0_pg@8.22.0/node_modules/drizzle-orm/mysql-core/indexes.d.ts
C:/Users/USER/project/Product-Requirements-Document/node_modules/.pnpm/drizzle-orm@0.45.2_@types+pg@8.20.0_pg@8.22.0/node_modules/drizzle-orm/mysql-core/primary-keys.d.ts
C:/Users/USER/project/Product-Requirements-Document/node_modules/.pnpm/drizzle-orm@0.45.2_@types+pg@8.20.0_pg@8.22.0/node_modules/drizzle-orm/mysql-core/unique-constraint.d.ts
C:/Users/USER/project/Product-Requirements-Document/node_modules/.pnpm/drizzle-orm@0.45.2_@types+pg@8.20.0_pg@8.22.0/node_modules/drizzle-orm/mysql-core/table.d.ts
C:/Users/USER/project/Product-Requirements-Document/node_modules/.pnpm/drizzle-orm@0.45.2_@types+pg@8.20.0_pg@8.22.0/node_modules/drizzle-orm/mysql-core/foreign-keys.d.ts
C:/Users/USER/project/Product-Requirements-Document/node_modules/.pnpm/drizzle-orm@0.45.2_@types+pg@8.20.0_pg@8.22.0/node_modules/drizzle-orm/mysql-core/columns/common.d.ts
C:/Users/USER/project/Product-Requirements-Document/node_modules/.pnpm/drizzle-orm@0.45.2_@types+pg@8.20.0_pg@8.22.0/node_modules/drizzle-orm/mysql-core/columns/bigint.d.ts
C:/Users/USER/project/Product-Requirements-Document/node_modules/.pnpm/drizzle-orm@0.45.2_@types+pg@8.20.0_pg@8.22.0/node_modules/drizzle-orm/mysql-core/columns/index.d.ts
C:/Users/USER/project/Product-Requirements-Document/node_modules/.pnpm/drizzle-orm@0.45.2_@types+pg@8.20.0_pg@8.22.0/node_modules/drizzle-orm/migrator.d.ts
C:/Users/USER/project/Product-Requirements-Document/node_modules/.pnpm/drizzle-orm@0.45.2_@types+pg@8.20.0_pg@8.22.0/node_modules/drizzle-orm/mysql-core/query-builders/delete.d.ts
C:/Users/USER/project/Product-Requirements-Document/node_modules/.pnpm/drizzle-orm@0.45.2_@types+pg@8.20.0_pg@8.22.0/node_modules/drizzle-orm/mysql-core/subquery.d.ts
C:/Users/USER/project/Product-Requirements-Document/node_modules/.pnpm/drizzle-orm@0.45.2_@types+pg@8.20.0_pg@8.22.0/node_modules/drizzle-orm/mysql-core/view-base.d.ts
C:/Users/USER/project/Product-Requirements-Document/node_modules/.pnpm/drizzle-orm@0.45.2_@types+pg@8.20.0_pg@8.22.0/node_modules/drizzle-orm/mysql-core/query-builders/select.d.ts
C:/Users/USER/project/Product-Requirements-Document/node_modules/.pnpm/drizzle-orm@0.45.2_@types+pg@8.20.0_pg@8.22.0/node_modules/drizzle-orm/mysql-core/query-builders/query-builder.d.ts
C:/Users/USER/project/Product-Requirements-Document/node_modules/.pnpm/drizzle-orm@0.45.2_@types+pg@8.20.0_pg@8.22.0/node_modules/drizzle-orm/mysql-core/query-builders/update.d.ts
C:/Users/USER/project/Product-Requirements-Document/node_modules/.pnpm/drizzle-orm@0.45.2_@types+pg@8.20.0_pg@8.22.0/node_modules/drizzle-orm/mysql-core/query-builders/insert.d.ts
C:/Users/USER/project/Product-Requirements-Document/node_modules/.pnpm/drizzle-orm@0.45.2_@types+pg@8.20.0_pg@8.22.0/node_modules/drizzle-orm/mysql-core/dialect.d.ts
C:/Users/USER/project/Product-Requirements-Document/node_modules/.pnpm/drizzle-orm@0.45.2_@types+pg@8.20.0_pg@8.22.0/node_modules/drizzle-orm/mysql-core/query-builders/count.d.ts
C:/Users/USER/project/Product-Requirements-Document/node_modules/.pnpm/drizzle-orm@0.45.2_@types+pg@8.20.0_pg@8.22.0/node_modules/drizzle-orm/mysql-core/query-builders/index.d.ts
C:/Users/USER/project/Product-Requirements-Document/node_modules/.pnpm/drizzle-orm@0.45.2_@types+pg@8.20.0_pg@8.22.0/node_modules/drizzle-orm/mysql-core/query-builders/query.d.ts
C:/Users/USER/project/Product-Requirements-Document/node_modules/.pnpm/drizzle-orm@0.45.2_@types+pg@8.20.0_pg@8.22.0/node_modules/drizzle-orm/mysql-core/db.d.ts
C:/Users/USER/project/Product-Requirements-Document/node_modules/.pnpm/drizzle-orm@0.45.2_@types+pg@8.20.0_pg@8.22.0/node_modules/drizzle-orm/mysql-core/session.d.ts
C:/Users/USER/project/Product-Requirements-Document/node_modules/.pnpm/drizzle-orm@0.45.2_@types+pg@8.20.0_pg@8.22.0/node_modules/drizzle-orm/mysql-core/view-common.d.ts
C:/Users/USER/project/Product-Requirements-Document/node_modules/.pnpm/drizzle-orm@0.45.2_@types+pg@8.20.0_pg@8.22.0/node_modules/drizzle-orm/mysql-core/view.d.ts
C:/Users/USER/project/Product-Requirements-Document/node_modules/.pnpm/drizzle-orm@0.45.2_@types+pg@8.20.0_pg@8.22.0/node_modules/drizzle-orm/mysql-core/query-builders/select.types.d.ts
C:/Users/USER/project/Product-Requirements-Document/node_modules/.pnpm/drizzle-orm@0.45.2_@types+pg@8.20.0_pg@8.22.0/node_modules/drizzle-orm/mysql-core/alias.d.ts
C:/Users/USER/project/Product-Requirements-Document/node_modules/.pnpm/drizzle-orm@0.45.2_@types+pg@8.20.0_pg@8.22.0/node_modules/drizzle-orm/mysql-core/schema.d.ts
C:/Users/USER/project/Product-Requirements-Document/node_modules/.pnpm/drizzle-orm@0.45.2_@types+pg@8.20.0_pg@8.22.0/node_modules/drizzle-orm/mysql-core/utils.d.ts
C:/Users/USER/project/Product-Requirements-Document/node_modules/.pnpm/drizzle-orm@0.45.2_@types+pg@8.20.0_pg@8.22.0/node_modules/drizzle-orm/mysql-core/index.d.ts
C:/Users/USER/project/Product-Requirements-Document/node_modules/.pnpm/drizzle-orm@0.45.2_@types+pg@8.20.0_pg@8.22.0/node_modules/drizzle-orm/pg-core/checks.d.ts
C:/Users/USER/project/Product-Requirements-Document/node_modules/.pnpm/drizzle-orm@0.45.2_@types+pg@8.20.0_pg@8.22.0/node_modules/drizzle-orm/pg-core/columns/bigserial.d.ts
C:/Users/USER/project/Product-Requirements-Document/node_modules/.pnpm/drizzle-orm@0.45.2_@types+pg@8.20.0_pg@8.22.0/node_modules/drizzle-orm/pg-core/columns/boolean.d.ts
C:/Users/USER/project/Product-Requirements-Document/node_modules/.pnpm/drizzle-orm@0.45.2_@types+pg@8.20.0_pg@8.22.0/node_modules/drizzle-orm/pg-core/columns/char.d.ts
C:/Users/USER/project/Product-Requirements-Document/node_modules/.pnpm/drizzle-orm@0.45.2_@types+pg@8.20.0_pg@8.22.0/node_modules/drizzle-orm/pg-core/columns/cidr.d.ts
C:/Users/USER/project/Product-Requirements-Document/node_modules/.pnpm/drizzle-orm@0.45.2_@types+pg@8.20.0_pg@8.22.0/node_modules/drizzle-orm/pg-core/columns/custom.d.ts
C:/Users/USER/project/Product-Requirements-Document/node_modules/.pnpm/drizzle-orm@0.45.2_@types+pg@8.20.0_pg@8.22.0/node_modules/drizzle-orm/pg-core/columns/date.common.d.ts
C:/Users/USER/project/Product-Requirements-Document/node_modules/.pnpm/drizzle-orm@0.45.2_@types+pg@8.20.0_pg@8.22.0/node_modules/drizzle-orm/pg-core/columns/date.d.ts
C:/Users/USER/project/Product-Requirements-Document/node_modules/.pnpm/drizzle-orm@0.45.2_@types+pg@8.20.0_pg@8.22.0/node_modules/drizzle-orm/pg-core/columns/double-precision.d.ts
C:/Users/USER/project/Product-Requirements-Document/node_modules/.pnpm/drizzle-orm@0.45.2_@types+pg@8.20.0_pg@8.22.0/node_modules/drizzle-orm/pg-core/columns/inet.d.ts
C:/Users/USER/project/Product-Requirements-Document/node_modules/.pnpm/drizzle-orm@0.45.2_@types+pg@8.20.0_pg@8.22.0/node_modules/drizzle-orm/pg-core/sequence.d.ts
C:/Users/USER/project/Product-Requirements-Document/node_modules/.pnpm/drizzle-orm@0.45.2_@types+pg@8.20.0_pg@8.22.0/node_modules/drizzle-orm/pg-core/columns/int.common.d.ts
C:/Users/USER/project/Product-Requirements-Document/node_modules/.pnpm/drizzle-orm@0.45.2_@types+pg@8.20.0_pg@8.22.0/node_modules/drizzle-orm/pg-core/columns/integer.d.ts
C:/Users/USER/project/Product-Requirements-Document/node_modules/.pnpm/drizzle-orm@0.45.2_@types+pg@8.20.0_pg@8.22.0/node_modules/drizzle-orm/pg-core/columns/timestamp.d.ts
C:/Users/USER/project/Product-Requirements-Document/node_modules/.pnpm/drizzle-orm@0.45.2_@types+pg@8.20.0_pg@8.22.0/node_modules/drizzle-orm/pg-core/columns/interval.d.ts
C:/Users/USER/project/Product-Requirements-Document/node_modules/.pnpm/drizzle-orm@0.45.2_@types+pg@8.20.0_pg@8.22.0/node_modules/drizzle-orm/pg-core/columns/json.d.ts
C:/Users/USER/project/Product-Requirements-Document/node_modules/.pnpm/drizzle-orm@0.45.2_@types+pg@8.20.0_pg@8.22.0/node_modules/drizzle-orm/pg-core/columns/jsonb.d.ts
C:/Users/USER/project/Product-Requirements-Document/node_modules/.pnpm/drizzle-orm@0.45.2_@types+pg@8.20.0_pg@8.22.0/node_modules/drizzle-orm/pg-core/columns/line.d.ts
C:/Users/USER/project/Product-Requirements-Document/node_modules/.pnpm/drizzle-orm@0.45.2_@types+pg@8.20.0_pg@8.22.0/node_modules/drizzle-orm/pg-core/columns/macaddr.d.ts
C:/Users/USER/project/Product-Requirements-Document/node_modules/.pnpm/drizzle-orm@0.45.2_@types+pg@8.20.0_pg@8.22.0/node_modules/drizzle-orm/pg-core/columns/macaddr8.d.ts
C:/Users/USER/project/Product-Requirements-Document/node_modules/.pnpm/drizzle-orm@0.45.2_@types+pg@8.20.0_pg@8.22.0/node_modules/drizzle-orm/pg-core/columns/numeric.d.ts
C:/Users/USER/project/Product-Requirements-Document/node_modules/.pnpm/drizzle-orm@0.45.2_@types+pg@8.20.0_pg@8.22.0/node_modules/drizzle-orm/pg-core/columns/point.d.ts
C:/Users/USER/project/Product-Requirements-Document/node_modules/.pnpm/drizzle-orm@0.45.2_@types+pg@8.20.0_pg@8.22.0/node_modules/drizzle-orm/pg-core/columns/postgis_extension/geometry.d.ts
C:/Users/USER/project/Product-Requirements-Document/node_modules/.pnpm/drizzle-orm@0.45.2_@types+pg@8.20.0_pg@8.22.0/node_modules/drizzle-orm/pg-core/columns/real.d.ts
C:/Users/USER/project/Product-Requirements-Document/node_modules/.pnpm/drizzle-orm@0.45.2_@types+pg@8.20.0_pg@8.22.0/node_modules/drizzle-orm/pg-core/columns/serial.d.ts
C:/Users/USER/project/Product-Requirements-Document/node_modules/.pnpm/drizzle-orm@0.45.2_@types+pg@8.20.0_pg@8.22.0/node_modules/drizzle-orm/pg-core/columns/smallint.d.ts
C:/Users/USER/project/Product-Requirements-Document/node_modules/.pnpm/drizzle-orm@0.45.2_@types+pg@8.20.0_pg@8.22.0/node_modules/drizzle-orm/pg-core/columns/smallserial.d.ts
C:/Users/USER/project/Product-Requirements-Document/node_modules/.pnpm/drizzle-orm@0.45.2_@types+pg@8.20.0_pg@8.22.0/node_modules/drizzle-orm/pg-core/columns/text.d.ts
C:/Users/USER/project/Product-Requirements-Document/node_modules/.pnpm/drizzle-orm@0.45.2_@types+pg@8.20.0_pg@8.22.0/node_modules/drizzle-orm/pg-core/columns/time.d.ts
C:/Users/USER/project/Product-Requirements-Document/node_modules/.pnpm/drizzle-orm@0.45.2_@types+pg@8.20.0_pg@8.22.0/node_modules/drizzle-orm/pg-core/columns/uuid.d.ts
C:/Users/USER/project/Product-Requirements-Document/node_modules/.pnpm/drizzle-orm@0.45.2_@types+pg@8.20.0_pg@8.22.0/node_modules/drizzle-orm/pg-core/columns/varchar.d.ts
C:/Users/USER/project/Product-Requirements-Document/node_modules/.pnpm/drizzle-orm@0.45.2_@types+pg@8.20.0_pg@8.22.0/node_modules/drizzle-orm/pg-core/columns/vector_extension/bit.d.ts
C:/Users/USER/project/Product-Requirements-Document/node_modules/.pnpm/drizzle-orm@0.45.2_@types+pg@8.20.0_pg@8.22.0/node_modules/drizzle-orm/pg-core/columns/vector_extension/halfvec.d.ts
C:/Users/USER/project/Product-Requirements-Document/node_modules/.pnpm/drizzle-orm@0.45.2_@types+pg@8.20.0_pg@8.22.0/node_modules/drizzle-orm/pg-core/columns/vector_extension/sparsevec.d.ts
C:/Users/USER/project/Product-Requirements-Document/node_modules/.pnpm/drizzle-orm@0.45.2_@types+pg@8.20.0_pg@8.22.0/node_modules/drizzle-orm/pg-core/columns/vector_extension/vector.d.ts
C:/Users/USER/project/Product-Requirements-Document/node_modules/.pnpm/drizzle-orm@0.45.2_@types+pg@8.20.0_pg@8.22.0/node_modules/drizzle-orm/pg-core/columns/all.d.ts
C:/Users/USER/project/Product-Requirements-Document/node_modules/.pnpm/drizzle-orm@0.45.2_@types+pg@8.20.0_pg@8.22.0/node_modules/drizzle-orm/pg-core/indexes.d.ts
C:/Users/USER/project/Product-Requirements-Document/node_modules/.pnpm/drizzle-orm@0.45.2_@types+pg@8.20.0_pg@8.22.0/node_modules/drizzle-orm/pg-core/roles.d.ts
C:/Users/USER/project/Product-Requirements-Document/node_modules/.pnpm/drizzle-orm@0.45.2_@types+pg@8.20.0_pg@8.22.0/node_modules/drizzle-orm/pg-core/policies.d.ts
C:/Users/USER/project/Product-Requirements-Document/node_modules/.pnpm/drizzle-orm@0.45.2_@types+pg@8.20.0_pg@8.22.0/node_modules/drizzle-orm/pg-core/primary-keys.d.ts
C:/Users/USER/project/Product-Requirements-Document/node_modules/.pnpm/drizzle-orm@0.45.2_@types+pg@8.20.0_pg@8.22.0/node_modules/drizzle-orm/pg-core/unique-constraint.d.ts
C:/Users/USER/project/Product-Requirements-Document/node_modules/.pnpm/drizzle-orm@0.45.2_@types+pg@8.20.0_pg@8.22.0/node_modules/drizzle-orm/pg-core/table.d.ts
C:/Users/USER/project/Product-Requirements-Document/node_modules/.pnpm/drizzle-orm@0.45.2_@types+pg@8.20.0_pg@8.22.0/node_modules/drizzle-orm/pg-core/foreign-keys.d.ts
C:/Users/USER/project/Product-Requirements-Document/node_modules/.pnpm/drizzle-orm@0.45.2_@types+pg@8.20.0_pg@8.22.0/node_modules/drizzle-orm/pg-core/columns/common.d.ts
C:/Users/USER/project/Product-Requirements-Document/node_modules/.pnpm/drizzle-orm@0.45.2_@types+pg@8.20.0_pg@8.22.0/node_modules/drizzle-orm/pg-core/columns/bigint.d.ts
C:/Users/USER/project/Product-Requirements-Document/node_modules/.pnpm/drizzle-orm@0.45.2_@types+pg@8.20.0_pg@8.22.0/node_modules/drizzle-orm/pg-core/columns/enum.d.ts
C:/Users/USER/project/Product-Requirements-Document/node_modules/.pnpm/drizzle-orm@0.45.2_@types+pg@8.20.0_pg@8.22.0/node_modules/drizzle-orm/pg-core/columns/index.d.ts
C:/Users/USER/project/Product-Requirements-Document/node_modules/.pnpm/drizzle-orm@0.45.2_@types+pg@8.20.0_pg@8.22.0/node_modules/drizzle-orm/pg-core/view-base.d.ts
C:/Users/USER/project/Product-Requirements-Document/node_modules/.pnpm/drizzle-orm@0.45.2_@types+pg@8.20.0_pg@8.22.0/node_modules/drizzle-orm/pg-core/query-builders/count.d.ts
C:/Users/USER/project/Product-Requirements-Document/node_modules/.pnpm/drizzle-orm@0.45.2_@types+pg@8.20.0_pg@8.22.0/node_modules/drizzle-orm/pg-core/query-builders/query.d.ts
C:/Users/USER/project/Product-Requirements-Document/node_modules/.pnpm/drizzle-orm@0.45.2_@types+pg@8.20.0_pg@8.22.0/node_modules/drizzle-orm/pg-core/query-builders/raw.d.ts
C:/Users/USER/project/Product-Requirements-Document/node_modules/.pnpm/drizzle-orm@0.45.2_@types+pg@8.20.0_pg@8.22.0/node_modules/drizzle-orm/pg-core/query-builders/refresh-materialized-view.d.ts
C:/Users/USER/project/Product-Requirements-Document/node_modules/.pnpm/drizzle-orm@0.45.2_@types+pg@8.20.0_pg@8.22.0/node_modules/drizzle-orm/pg-core/subquery.d.ts
C:/Users/USER/project/Product-Requirements-Document/node_modules/.pnpm/drizzle-orm@0.45.2_@types+pg@8.20.0_pg@8.22.0/node_modules/drizzle-orm/pg-core/db.d.ts
C:/Users/USER/project/Product-Requirements-Document/node_modules/.pnpm/drizzle-orm@0.45.2_@types+pg@8.20.0_pg@8.22.0/node_modules/drizzle-orm/pg-core/session.d.ts
C:/Users/USER/project/Product-Requirements-Document/node_modules/.pnpm/drizzle-orm@0.45.2_@types+pg@8.20.0_pg@8.22.0/node_modules/drizzle-orm/pg-core/query-builders/delete.d.ts
C:/Users/USER/project/Product-Requirements-Document/node_modules/.pnpm/drizzle-orm@0.45.2_@types+pg@8.20.0_pg@8.22.0/node_modules/drizzle-orm/pg-core/query-builders/update.d.ts
C:/Users/USER/project/Product-Requirements-Document/node_modules/.pnpm/drizzle-orm@0.45.2_@types+pg@8.20.0_pg@8.22.0/node_modules/drizzle-orm/pg-core/query-builders/insert.d.ts
C:/Users/USER/project/Product-Requirements-Document/node_modules/.pnpm/drizzle-orm@0.45.2_@types+pg@8.20.0_pg@8.22.0/node_modules/drizzle-orm/pg-core/query-builders/select.d.ts
C:/Users/USER/project/Product-Requirements-Document/node_modules/.pnpm/drizzle-orm@0.45.2_@types+pg@8.20.0_pg@8.22.0/node_modules/drizzle-orm/pg-core/query-builders/index.d.ts
C:/Users/USER/project/Product-Requirements-Document/node_modules/.pnpm/drizzle-orm@0.45.2_@types+pg@8.20.0_pg@8.22.0/node_modules/drizzle-orm/pg-core/dialect.d.ts
C:/Users/USER/project/Product-Requirements-Document/node_modules/.pnpm/drizzle-orm@0.45.2_@types+pg@8.20.0_pg@8.22.0/node_modules/drizzle-orm/pg-core/query-builders/query-builder.d.ts
C:/Users/USER/project/Product-Requirements-Document/node_modules/.pnpm/drizzle-orm@0.45.2_@types+pg@8.20.0_pg@8.22.0/node_modules/drizzle-orm/pg-core/view-common.d.ts
C:/Users/USER/project/Product-Requirements-Document/node_modules/.pnpm/drizzle-orm@0.45.2_@types+pg@8.20.0_pg@8.22.0/node_modules/drizzle-orm/pg-core/view.d.ts
C:/Users/USER/project/Product-Requirements-Document/node_modules/.pnpm/drizzle-orm@0.45.2_@types+pg@8.20.0_pg@8.22.0/node_modules/drizzle-orm/pg-core/query-builders/select.types.d.ts
C:/Users/USER/project/Product-Requirements-Document/node_modules/.pnpm/drizzle-orm@0.45.2_@types+pg@8.20.0_pg@8.22.0/node_modules/drizzle-orm/pg-core/alias.d.ts
C:/Users/USER/project/Product-Requirements-Document/node_modules/.pnpm/drizzle-orm@0.45.2_@types+pg@8.20.0_pg@8.22.0/node_modules/drizzle-orm/pg-core/schema.d.ts
C:/Users/USER/project/Product-Requirements-Document/node_modules/.pnpm/drizzle-orm@0.45.2_@types+pg@8.20.0_pg@8.22.0/node_modules/drizzle-orm/pg-core/utils.d.ts
C:/Users/USER/project/Product-Requirements-Document/node_modules/.pnpm/drizzle-orm@0.45.2_@types+pg@8.20.0_pg@8.22.0/node_modules/drizzle-orm/pg-core/utils/array.d.ts
C:/Users/USER/project/Product-Requirements-Document/node_modules/.pnpm/drizzle-orm@0.45.2_@types+pg@8.20.0_pg@8.22.0/node_modules/drizzle-orm/pg-core/utils/index.d.ts
C:/Users/USER/project/Product-Requirements-Document/node_modules/.pnpm/drizzle-orm@0.45.2_@types+pg@8.20.0_pg@8.22.0/node_modules/drizzle-orm/pg-core/index.d.ts
C:/Users/USER/project/Product-Requirements-Document/node_modules/.pnpm/drizzle-orm@0.45.2_@types+pg@8.20.0_pg@8.22.0/node_modules/drizzle-orm/singlestore-core/columns/binary.d.ts
C:/Users/USER/project/Product-Requirements-Document/node_modules/.pnpm/drizzle-orm@0.45.2_@types+pg@8.20.0_pg@8.22.0/node_modules/drizzle-orm/singlestore-core/columns/boolean.d.ts
C:/Users/USER/project/Product-Requirements-Document/node_modules/.pnpm/drizzle-orm@0.45.2_@types+pg@8.20.0_pg@8.22.0/node_modules/drizzle-orm/singlestore-core/columns/char.d.ts
C:/Users/USER/project/Product-Requirements-Document/node_modules/.pnpm/drizzle-orm@0.45.2_@types+pg@8.20.0_pg@8.22.0/node_modules/drizzle-orm/singlestore-core/columns/custom.d.ts
C:/Users/USER/project/Product-Requirements-Document/node_modules/.pnpm/drizzle-orm@0.45.2_@types+pg@8.20.0_pg@8.22.0/node_modules/drizzle-orm/singlestore-core/columns/date.d.ts
C:/Users/USER/project/Product-Requirements-Document/node_modules/.pnpm/drizzle-orm@0.45.2_@types+pg@8.20.0_pg@8.22.0/node_modules/drizzle-orm/singlestore-core/columns/datetime.d.ts
C:/Users/USER/project/Product-Requirements-Document/node_modules/.pnpm/drizzle-orm@0.45.2_@types+pg@8.20.0_pg@8.22.0/node_modules/drizzle-orm/singlestore-core/columns/decimal.d.ts
C:/Users/USER/project/Product-Requirements-Document/node_modules/.pnpm/drizzle-orm@0.45.2_@types+pg@8.20.0_pg@8.22.0/node_modules/drizzle-orm/singlestore-core/columns/double.d.ts
C:/Users/USER/project/Product-Requirements-Document/node_modules/.pnpm/drizzle-orm@0.45.2_@types+pg@8.20.0_pg@8.22.0/node_modules/drizzle-orm/singlestore-core/columns/enum.d.ts
C:/Users/USER/project/Product-Requirements-Document/node_modules/.pnpm/drizzle-orm@0.45.2_@types+pg@8.20.0_pg@8.22.0/node_modules/drizzle-orm/singlestore-core/columns/float.d.ts
C:/Users/USER/project/Product-Requirements-Document/node_modules/.pnpm/drizzle-orm@0.45.2_@types+pg@8.20.0_pg@8.22.0/node_modules/drizzle-orm/singlestore-core/columns/int.d.ts
C:/Users/USER/project/Product-Requirements-Document/node_modules/.pnpm/drizzle-orm@0.45.2_@types+pg@8.20.0_pg@8.22.0/node_modules/drizzle-orm/singlestore-core/columns/json.d.ts
C:/Users/USER/project/Product-Requirements-Document/node_modules/.pnpm/drizzle-orm@0.45.2_@types+pg@8.20.0_pg@8.22.0/node_modules/drizzle-orm/singlestore-core/columns/mediumint.d.ts
C:/Users/USER/project/Product-Requirements-Document/node_modules/.pnpm/drizzle-orm@0.45.2_@types+pg@8.20.0_pg@8.22.0/node_modules/drizzle-orm/singlestore-core/columns/real.d.ts
C:/Users/USER/project/Product-Requirements-Document/node_modules/.pnpm/drizzle-orm@0.45.2_@types+pg@8.20.0_pg@8.22.0/node_modules/drizzle-orm/singlestore-core/columns/serial.d.ts
C:/Users/USER/project/Product-Requirements-Document/node_modules/.pnpm/drizzle-orm@0.45.2_@types+pg@8.20.0_pg@8.22.0/node_modules/drizzle-orm/singlestore-core/columns/smallint.d.ts
C:/Users/USER/project/Product-Requirements-Document/node_modules/.pnpm/drizzle-orm@0.45.2_@types+pg@8.20.0_pg@8.22.0/node_modules/drizzle-orm/singlestore-core/columns/text.d.ts
C:/Users/USER/project/Product-Requirements-Document/node_modules/.pnpm/drizzle-orm@0.45.2_@types+pg@8.20.0_pg@8.22.0/node_modules/drizzle-orm/singlestore-core/columns/time.d.ts
C:/Users/USER/project/Product-Requirements-Document/node_modules/.pnpm/drizzle-orm@0.45.2_@types+pg@8.20.0_pg@8.22.0/node_modules/drizzle-orm/singlestore-core/columns/date.common.d.ts
C:/Users/USER/project/Product-Requirements-Document/node_modules/.pnpm/drizzle-orm@0.45.2_@types+pg@8.20.0_pg@8.22.0/node_modules/drizzle-orm/singlestore-core/columns/timestamp.d.ts
C:/Users/USER/project/Product-Requirements-Document/node_modules/.pnpm/drizzle-orm@0.45.2_@types+pg@8.20.0_pg@8.22.0/node_modules/drizzle-orm/singlestore-core/columns/tinyint.d.ts
C:/Users/USER/project/Product-Requirements-Document/node_modules/.pnpm/drizzle-orm@0.45.2_@types+pg@8.20.0_pg@8.22.0/node_modules/drizzle-orm/singlestore-core/columns/varbinary.d.ts
C:/Users/USER/project/Product-Requirements-Document/node_modules/.pnpm/drizzle-orm@0.45.2_@types+pg@8.20.0_pg@8.22.0/node_modules/drizzle-orm/singlestore-core/columns/varchar.d.ts
C:/Users/USER/project/Product-Requirements-Document/node_modules/.pnpm/drizzle-orm@0.45.2_@types+pg@8.20.0_pg@8.22.0/node_modules/drizzle-orm/singlestore-core/columns/vector.d.ts
C:/Users/USER/project/Product-Requirements-Document/node_modules/.pnpm/drizzle-orm@0.45.2_@types+pg@8.20.0_pg@8.22.0/node_modules/drizzle-orm/singlestore-core/columns/year.d.ts
C:/Users/USER/project/Product-Requirements-Document/node_modules/.pnpm/drizzle-orm@0.45.2_@types+pg@8.20.0_pg@8.22.0/node_modules/drizzle-orm/singlestore-core/columns/all.d.ts
C:/Users/USER/project/Product-Requirements-Document/node_modules/.pnpm/drizzle-orm@0.45.2_@types+pg@8.20.0_pg@8.22.0/node_modules/drizzle-orm/singlestore-core/indexes.d.ts
C:/Users/USER/project/Product-Requirements-Document/node_modules/.pnpm/drizzle-orm@0.45.2_@types+pg@8.20.0_pg@8.22.0/node_modules/drizzle-orm/singlestore-core/primary-keys.d.ts
C:/Users/USER/project/Product-Requirements-Document/node_modules/.pnpm/drizzle-orm@0.45.2_@types+pg@8.20.0_pg@8.22.0/node_modules/drizzle-orm/singlestore-core/unique-constraint.d.ts
C:/Users/USER/project/Product-Requirements-Document/node_modules/.pnpm/drizzle-orm@0.45.2_@types+pg@8.20.0_pg@8.22.0/node_modules/drizzle-orm/singlestore-core/table.d.ts
C:/Users/USER/project/Product-Requirements-Document/node_modules/.pnpm/drizzle-orm@0.45.2_@types+pg@8.20.0_pg@8.22.0/node_modules/drizzle-orm/singlestore-core/columns/common.d.ts
C:/Users/USER/project/Product-Requirements-Document/node_modules/.pnpm/drizzle-orm@0.45.2_@types+pg@8.20.0_pg@8.22.0/node_modules/drizzle-orm/singlestore-core/columns/bigint.d.ts
C:/Users/USER/project/Product-Requirements-Document/node_modules/.pnpm/drizzle-orm@0.45.2_@types+pg@8.20.0_pg@8.22.0/node_modules/drizzle-orm/singlestore-core/columns/index.d.ts
C:/Users/USER/project/Product-Requirements-Document/node_modules/.pnpm/drizzle-orm@0.45.2_@types+pg@8.20.0_pg@8.22.0/node_modules/drizzle-orm/singlestore-core/query-builders/delete.d.ts
C:/Users/USER/project/Product-Requirements-Document/node_modules/.pnpm/drizzle-orm@0.45.2_@types+pg@8.20.0_pg@8.22.0/node_modules/drizzle-orm/singlestore-core/query-builders/update.d.ts
C:/Users/USER/project/Product-Requirements-Document/node_modules/.pnpm/drizzle-orm@0.45.2_@types+pg@8.20.0_pg@8.22.0/node_modules/drizzle-orm/singlestore-core/query-builders/insert.d.ts
C:/Users/USER/project/Product-Requirements-Document/node_modules/.pnpm/drizzle-orm@0.45.2_@types+pg@8.20.0_pg@8.22.0/node_modules/drizzle-orm/singlestore-core/dialect.d.ts
C:/Users/USER/project/Product-Requirements-Document/node_modules/.pnpm/drizzle-orm@0.45.2_@types+pg@8.20.0_pg@8.22.0/node_modules/drizzle-orm/cache/core/index.d.ts
C:/Users/USER/project/Product-Requirements-Document/node_modules/.pnpm/drizzle-orm@0.45.2_@types+pg@8.20.0_pg@8.22.0/node_modules/drizzle-orm/singlestore/session.d.ts
C:/Users/USER/project/Product-Requirements-Document/node_modules/.pnpm/drizzle-orm@0.45.2_@types+pg@8.20.0_pg@8.22.0/node_modules/drizzle-orm/singlestore/driver.d.ts
C:/Users/USER/project/Product-Requirements-Document/node_modules/.pnpm/drizzle-orm@0.45.2_@types+pg@8.20.0_pg@8.22.0/node_modules/drizzle-orm/singlestore-core/query-builders/count.d.ts
C:/Users/USER/project/Product-Requirements-Document/node_modules/.pnpm/drizzle-orm@0.45.2_@types+pg@8.20.0_pg@8.22.0/node_modules/drizzle-orm/singlestore-core/subquery.d.ts
C:/Users/USER/project/Product-Requirements-Document/node_modules/.pnpm/drizzle-orm@0.45.2_@types+pg@8.20.0_pg@8.22.0/node_modules/drizzle-orm/singlestore-core/query-builders/select.d.ts
C:/Users/USER/project/Product-Requirements-Document/node_modules/.pnpm/drizzle-orm@0.45.2_@types+pg@8.20.0_pg@8.22.0/node_modules/drizzle-orm/singlestore-core/query-builders/query-builder.d.ts
C:/Users/USER/project/Product-Requirements-Document/node_modules/.pnpm/drizzle-orm@0.45.2_@types+pg@8.20.0_pg@8.22.0/node_modules/drizzle-orm/singlestore-core/query-builders/index.d.ts
C:/Users/USER/project/Product-Requirements-Document/node_modules/.pnpm/drizzle-orm@0.45.2_@types+pg@8.20.0_pg@8.22.0/node_modules/drizzle-orm/singlestore-core/db.d.ts
C:/Users/USER/project/Product-Requirements-Document/node_modules/.pnpm/drizzle-orm@0.45.2_@types+pg@8.20.0_pg@8.22.0/node_modules/drizzle-orm/singlestore-core/session.d.ts
C:/Users/USER/project/Product-Requirements-Document/node_modules/.pnpm/drizzle-orm@0.45.2_@types+pg@8.20.0_pg@8.22.0/node_modules/drizzle-orm/singlestore-core/query-builders/select.types.d.ts
C:/Users/USER/project/Product-Requirements-Document/node_modules/.pnpm/drizzle-orm@0.45.2_@types+pg@8.20.0_pg@8.22.0/node_modules/drizzle-orm/singlestore-core/alias.d.ts
C:/Users/USER/project/Product-Requirements-Document/node_modules/.pnpm/drizzle-orm@0.45.2_@types+pg@8.20.0_pg@8.22.0/node_modules/drizzle-orm/singlestore-core/schema.d.ts
C:/Users/USER/project/Product-Requirements-Document/node_modules/.pnpm/drizzle-orm@0.45.2_@types+pg@8.20.0_pg@8.22.0/node_modules/drizzle-orm/singlestore-core/utils.d.ts
C:/Users/USER/project/Product-Requirements-Document/node_modules/.pnpm/drizzle-orm@0.45.2_@types+pg@8.20.0_pg@8.22.0/node_modules/drizzle-orm/singlestore-core/index.d.ts
C:/Users/USER/project/Product-Requirements-Document/node_modules/.pnpm/drizzle-orm@0.45.2_@types+pg@8.20.0_pg@8.22.0/node_modules/drizzle-orm/sqlite-core/checks.d.ts
C:/Users/USER/project/Product-Requirements-Document/node_modules/.pnpm/drizzle-orm@0.45.2_@types+pg@8.20.0_pg@8.22.0/node_modules/drizzle-orm/sqlite-core/columns/custom.d.ts
C:/Users/USER/project/Product-Requirements-Document/node_modules/.pnpm/drizzle-orm@0.45.2_@types+pg@8.20.0_pg@8.22.0/node_modules/drizzle-orm/sqlite-core/indexes.d.ts
C:/Users/USER/project/Product-Requirements-Document/node_modules/.pnpm/drizzle-orm@0.45.2_@types+pg@8.20.0_pg@8.22.0/node_modules/drizzle-orm/sqlite-core/primary-keys.d.ts
C:/Users/USER/project/Product-Requirements-Document/node_modules/.pnpm/drizzle-orm@0.45.2_@types+pg@8.20.0_pg@8.22.0/node_modules/drizzle-orm/sqlite-core/unique-constraint.d.ts
C:/Users/USER/project/Product-Requirements-Document/node_modules/.pnpm/drizzle-orm@0.45.2_@types+pg@8.20.0_pg@8.22.0/node_modules/drizzle-orm/sqlite-core/view-base.d.ts
C:/Users/USER/project/Product-Requirements-Document/node_modules/.pnpm/drizzle-orm@0.45.2_@types+pg@8.20.0_pg@8.22.0/node_modules/drizzle-orm/sqlite-core/query-builders/count.d.ts
C:/Users/USER/project/Product-Requirements-Document/node_modules/.pnpm/drizzle-orm@0.45.2_@types+pg@8.20.0_pg@8.22.0/node_modules/drizzle-orm/sqlite-core/query-builders/query.d.ts
C:/Users/USER/project/Product-Requirements-Document/node_modules/.pnpm/drizzle-orm@0.45.2_@types+pg@8.20.0_pg@8.22.0/node_modules/drizzle-orm/sqlite-core/subquery.d.ts
C:/Users/USER/project/Product-Requirements-Document/node_modules/.pnpm/drizzle-orm@0.45.2_@types+pg@8.20.0_pg@8.22.0/node_modules/drizzle-orm/sqlite-core/db.d.ts
C:/Users/USER/project/Product-Requirements-Document/node_modules/.pnpm/drizzle-orm@0.45.2_@types+pg@8.20.0_pg@8.22.0/node_modules/drizzle-orm/sqlite-core/query-builders/raw.d.ts
C:/Users/USER/project/Product-Requirements-Document/node_modules/.pnpm/drizzle-orm@0.45.2_@types+pg@8.20.0_pg@8.22.0/node_modules/drizzle-orm/sqlite-core/session.d.ts
C:/Users/USER/project/Product-Requirements-Document/node_modules/.pnpm/drizzle-orm@0.45.2_@types+pg@8.20.0_pg@8.22.0/node_modules/drizzle-orm/sqlite-core/query-builders/delete.d.ts
C:/Users/USER/project/Product-Requirements-Document/node_modules/.pnpm/drizzle-orm@0.45.2_@types+pg@8.20.0_pg@8.22.0/node_modules/drizzle-orm/sqlite-core/query-builders/update.d.ts
C:/Users/USER/project/Product-Requirements-Document/node_modules/.pnpm/drizzle-orm@0.45.2_@types+pg@8.20.0_pg@8.22.0/node_modules/drizzle-orm/sqlite-core/query-builders/insert.d.ts
C:/Users/USER/project/Product-Requirements-Document/node_modules/.pnpm/drizzle-orm@0.45.2_@types+pg@8.20.0_pg@8.22.0/node_modules/drizzle-orm/sqlite-core/query-builders/select.d.ts
C:/Users/USER/project/Product-Requirements-Document/node_modules/.pnpm/drizzle-orm@0.45.2_@types+pg@8.20.0_pg@8.22.0/node_modules/drizzle-orm/sqlite-core/query-builders/index.d.ts
C:/Users/USER/project/Product-Requirements-Document/node_modules/.pnpm/drizzle-orm@0.45.2_@types+pg@8.20.0_pg@8.22.0/node_modules/drizzle-orm/sqlite-core/dialect.d.ts
C:/Users/USER/project/Product-Requirements-Document/node_modules/.pnpm/drizzle-orm@0.45.2_@types+pg@8.20.0_pg@8.22.0/node_modules/drizzle-orm/sqlite-core/query-builders/query-builder.d.ts
C:/Users/USER/project/Product-Requirements-Document/node_modules/.pnpm/drizzle-orm@0.45.2_@types+pg@8.20.0_pg@8.22.0/node_modules/drizzle-orm/sqlite-core/view.d.ts
C:/Users/USER/project/Product-Requirements-Document/node_modules/.pnpm/drizzle-orm@0.45.2_@types+pg@8.20.0_pg@8.22.0/node_modules/drizzle-orm/sqlite-core/utils.d.ts
C:/Users/USER/project/Product-Requirements-Document/node_modules/.pnpm/drizzle-orm@0.45.2_@types+pg@8.20.0_pg@8.22.0/node_modules/drizzle-orm/sqlite-core/columns/integer.d.ts
C:/Users/USER/project/Product-Requirements-Document/node_modules/.pnpm/drizzle-orm@0.45.2_@types+pg@8.20.0_pg@8.22.0/node_modules/drizzle-orm/sqlite-core/columns/numeric.d.ts
C:/Users/USER/project/Product-Requirements-Document/node_modules/.pnpm/drizzle-orm@0.45.2_@types+pg@8.20.0_pg@8.22.0/node_modules/drizzle-orm/sqlite-core/columns/real.d.ts
C:/Users/USER/project/Product-Requirements-Document/node_modules/.pnpm/drizzle-orm@0.45.2_@types+pg@8.20.0_pg@8.22.0/node_modules/drizzle-orm/sqlite-core/columns/text.d.ts
C:/Users/USER/project/Product-Requirements-Document/node_modules/.pnpm/drizzle-orm@0.45.2_@types+pg@8.20.0_pg@8.22.0/node_modules/drizzle-orm/sqlite-core/columns/all.d.ts
C:/Users/USER/project/Product-Requirements-Document/node_modules/.pnpm/drizzle-orm@0.45.2_@types+pg@8.20.0_pg@8.22.0/node_modules/drizzle-orm/sqlite-core/table.d.ts
C:/Users/USER/project/Product-Requirements-Document/node_modules/.pnpm/drizzle-orm@0.45.2_@types+pg@8.20.0_pg@8.22.0/node_modules/drizzle-orm/sqlite-core/foreign-keys.d.ts
C:/Users/USER/project/Product-Requirements-Document/node_modules/.pnpm/drizzle-orm@0.45.2_@types+pg@8.20.0_pg@8.22.0/node_modules/drizzle-orm/sqlite-core/columns/common.d.ts
C:/Users/USER/project/Product-Requirements-Document/node_modules/.pnpm/drizzle-orm@0.45.2_@types+pg@8.20.0_pg@8.22.0/node_modules/drizzle-orm/sqlite-core/columns/blob.d.ts
C:/Users/USER/project/Product-Requirements-Document/node_modules/.pnpm/drizzle-orm@0.45.2_@types+pg@8.20.0_pg@8.22.0/node_modules/drizzle-orm/sqlite-core/columns/index.d.ts
C:/Users/USER/project/Product-Requirements-Document/node_modules/.pnpm/drizzle-orm@0.45.2_@types+pg@8.20.0_pg@8.22.0/node_modules/drizzle-orm/sqlite-core/query-builders/select.types.d.ts
C:/Users/USER/project/Product-Requirements-Document/node_modules/.pnpm/drizzle-orm@0.45.2_@types+pg@8.20.0_pg@8.22.0/node_modules/drizzle-orm/sqlite-core/alias.d.ts
C:/Users/USER/project/Product-Requirements-Document/node_modules/.pnpm/drizzle-orm@0.45.2_@types+pg@8.20.0_pg@8.22.0/node_modules/drizzle-orm/sqlite-core/index.d.ts
C:/Users/USER/project/Product-Requirements-Document/node_modules/.pnpm/drizzle-orm@0.45.2_@types+pg@8.20.0_pg@8.22.0/node_modules/drizzle-orm/column-builder.d.ts
C:/Users/USER/project/Product-Requirements-Document/node_modules/.pnpm/drizzle-orm@0.45.2_@types+pg@8.20.0_pg@8.22.0/node_modules/drizzle-orm/column.d.ts
C:/Users/USER/project/Product-Requirements-Document/node_modules/.pnpm/drizzle-orm@0.45.2_@types+pg@8.20.0_pg@8.22.0/node_modules/drizzle-orm/alias.d.ts
C:/Users/USER/project/Product-Requirements-Document/node_modules/.pnpm/drizzle-orm@0.45.2_@types+pg@8.20.0_pg@8.22.0/node_modules/drizzle-orm/errors.d.ts
C:/Users/USER/project/Product-Requirements-Document/node_modules/.pnpm/drizzle-orm@0.45.2_@types+pg@8.20.0_pg@8.22.0/node_modules/drizzle-orm/view-common.d.ts
C:/Users/USER/project/Product-Requirements-Document/node_modules/.pnpm/drizzle-orm@0.45.2_@types+pg@8.20.0_pg@8.22.0/node_modules/drizzle-orm/index.d.ts
C:/Users/USER/project/Product-Requirements-Document/node_modules/.pnpm/drizzle-orm@0.45.2_@types+pg@8.20.0_pg@8.22.0/node_modules/drizzle-orm/cache/core/cache.d.ts
C:/Users/USER/project/Product-Requirements-Document/node_modules/.pnpm/drizzle-orm@0.45.2_@types+pg@8.20.0_pg@8.22.0/node_modules/drizzle-orm/node-postgres/session.d.ts
C:/Users/USER/project/Product-Requirements-Document/node_modules/.pnpm/drizzle-orm@0.45.2_@types+pg@8.20.0_pg@8.22.0/node_modules/drizzle-orm/node-postgres/driver.d.ts
C:/Users/USER/project/Product-Requirements-Document/node_modules/.pnpm/drizzle-orm@0.45.2_@types+pg@8.20.0_pg@8.22.0/node_modules/drizzle-orm/node-postgres/index.d.ts
C:/Users/USER/project/Product-Requirements-Document/node_modules/.pnpm/zod@3.25.76/node_modules/zod/v4/core/standard-schema.d.cts
C:/Users/USER/project/Product-Requirements-Document/node_modules/.pnpm/zod@3.25.76/node_modules/zod/v4/core/util.d.cts
C:/Users/USER/project/Product-Requirements-Document/node_modules/.pnpm/zod@3.25.76/node_modules/zod/v4/core/versions.d.cts
C:/Users/USER/project/Product-Requirements-Document/node_modules/.pnpm/zod@3.25.76/node_modules/zod/v4/core/schemas.d.cts
C:/Users/USER/project/Product-Requirements-Document/node_modules/.pnpm/zod@3.25.76/node_modules/zod/v4/core/checks.d.cts
C:/Users/USER/project/Product-Requirements-Document/node_modules/.pnpm/zod@3.25.76/node_modules/zod/v4/core/errors.d.cts
C:/Users/USER/project/Product-Requirements-Document/node_modules/.pnpm/zod@3.25.76/node_modules/zod/v4/core/core.d.cts
C:/Users/USER/project/Product-Requirements-Document/node_modules/.pnpm/zod@3.25.76/node_modules/zod/v4/core/parse.d.cts
C:/Users/USER/project/Product-Requirements-Document/node_modules/.pnpm/zod@3.25.76/node_modules/zod/v4/core/regexes.d.cts
C:/Users/USER/project/Product-Requirements-Document/node_modules/.pnpm/zod@3.25.76/node_modules/zod/v4/locales/ar.d.cts
C:/Users/USER/project/Product-Requirements-Document/node_modules/.pnpm/zod@3.25.76/node_modules/zod/v4/locales/az.d.cts
C:/Users/USER/project/Product-Requirements-Document/node_modules/.pnpm/zod@3.25.76/node_modules/zod/v4/locales/be.d.cts
C:/Users/USER/project/Product-Requirements-Document/node_modules/.pnpm/zod@3.25.76/node_modules/zod/v4/locales/ca.d.cts
C:/Users/USER/project/Product-Requirements-Document/node_modules/.pnpm/zod@3.25.76/node_modules/zod/v4/locales/cs.d.cts
C:/Users/USER/project/Product-Requirements-Document/node_modules/.pnpm/zod@3.25.76/node_modules/zod/v4/locales/de.d.cts
C:/Users/USER/project/Product-Requirements-Document/node_modules/.pnpm/zod@3.25.76/node_modules/zod/v4/locales/en.d.cts
C:/Users/USER/project/Product-Requirements-Document/node_modules/.pnpm/zod@3.25.76/node_modules/zod/v4/locales/eo.d.cts
C:/Users/USER/project/Product-Requirements-Document/node_modules/.pnpm/zod@3.25.76/node_modules/zod/v4/locales/es.d.cts
C:/Users/USER/project/Product-Requirements-Document/node_modules/.pnpm/zod@3.25.76/node_modules/zod/v4/locales/fa.d.cts
C:/Users/USER/project/Product-Requirements-Document/node_modules/.pnpm/zod@3.25.76/node_modules/zod/v4/locales/fi.d.cts
C:/Users/USER/project/Product-Requirements-Document/node_modules/.pnpm/zod@3.25.76/node_modules/zod/v4/locales/fr.d.cts
C:/Users/USER/project/Product-Requirements-Document/node_modules/.pnpm/zod@3.25.76/node_modules/zod/v4/locales/fr-CA.d.cts
C:/Users/USER/project/Product-Requirements-Document/node_modules/.pnpm/zod@3.25.76/node_modules/zod/v4/locales/he.d.cts
C:/Users/USER/project/Product-Requirements-Document/node_modules/.pnpm/zod@3.25.76/node_modules/zod/v4/locales/hu.d.cts
C:/Users/USER/project/Product-Requirements-Document/node_modules/.pnpm/zod@3.25.76/node_modules/zod/v4/locales/id.d.cts
C:/Users/USER/project/Product-Requirements-Document/node_modules/.pnpm/zod@3.25.76/node_modules/zod/v4/locales/it.d.cts
C:/Users/USER/project/Product-Requirements-Document/node_modules/.pnpm/zod@3.25.76/node_modules/zod/v4/locales/ja.d.cts
C:/Users/USER/project/Product-Requirements-Document/node_modules/.pnpm/zod@3.25.76/node_modules/zod/v4/locales/kh.d.cts
C:/Users/USER/project/Product-Requirements-Document/node_modules/.pnpm/zod@3.25.76/node_modules/zod/v4/locales/ko.d.cts
C:/Users/USER/project/Product-Requirements-Document/node_modules/.pnpm/zod@3.25.76/node_modules/zod/v4/locales/mk.d.cts
C:/Users/USER/project/Product-Requirements-Document/node_modules/.pnpm/zod@3.25.76/node_modules/zod/v4/locales/ms.d.cts
C:/Users/USER/project/Product-Requirements-Document/node_modules/.pnpm/zod@3.25.76/node_modules/zod/v4/locales/nl.d.cts
C:/Users/USER/project/Product-Requirements-Document/node_modules/.pnpm/zod@3.25.76/node_modules/zod/v4/locales/no.d.cts
C:/Users/USER/project/Product-Requirements-Document/node_modules/.pnpm/zod@3.25.76/node_modules/zod/v4/locales/ota.d.cts
C:/Users/USER/project/Product-Requirements-Document/node_modules/.pnpm/zod@3.25.76/node_modules/zod/v4/locales/ps.d.cts
C:/Users/USER/project/Product-Requirements-Document/node_modules/.pnpm/zod@3.25.76/node_modules/zod/v4/locales/pl.d.cts
C:/Users/USER/project/Product-Requirements-Document/node_modules/.pnpm/zod@3.25.76/node_modules/zod/v4/locales/pt.d.cts
C:/Users/USER/project/Product-Requirements-Document/node_modules/.pnpm/zod@3.25.76/node_modules/zod/v4/locales/ru.d.cts
C:/Users/USER/project/Product-Requirements-Document/node_modules/.pnpm/zod@3.25.76/node_modules/zod/v4/locales/sl.d.cts
C:/Users/USER/project/Product-Requirements-Document/node_modules/.pnpm/zod@3.25.76/node_modules/zod/v4/locales/sv.d.cts
C:/Users/USER/project/Product-Requirements-Document/node_modules/.pnpm/zod@3.25.76/node_modules/zod/v4/locales/ta.d.cts
C:/Users/USER/project/Product-Requirements-Document/node_modules/.pnpm/zod@3.25.76/node_modules/zod/v4/locales/th.d.cts
C:/Users/USER/project/Product-Requirements-Document/node_modules/.pnpm/zod@3.25.76/node_modules/zod/v4/locales/tr.d.cts
C:/Users/USER/project/Product-Requirements-Document/node_modules/.pnpm/zod@3.25.76/node_modules/zod/v4/locales/ua.d.cts
C:/Users/USER/project/Product-Requirements-Document/node_modules/.pnpm/zod@3.25.76/node_modules/zod/v4/locales/ur.d.cts
C:/Users/USER/project/Product-Requirements-Document/node_modules/.pnpm/zod@3.25.76/node_modules/zod/v4/locales/vi.d.cts
C:/Users/USER/project/Product-Requirements-Document/node_modules/.pnpm/zod@3.25.76/node_modules/zod/v4/locales/zh-CN.d.cts
C:/Users/USER/project/Product-Requirements-Document/node_modules/.pnpm/zod@3.25.76/node_modules/zod/v4/locales/zh-TW.d.cts
C:/Users/USER/project/Product-Requirements-Document/node_modules/.pnpm/zod@3.25.76/node_modules/zod/v4/locales/index.d.cts
C:/Users/USER/project/Product-Requirements-Document/node_modules/.pnpm/zod@3.25.76/node_modules/zod/v4/core/registries.d.cts
C:/Users/USER/project/Product-Requirements-Document/node_modules/.pnpm/zod@3.25.76/node_modules/zod/v4/core/doc.d.cts
C:/Users/USER/project/Product-Requirements-Document/node_modules/.pnpm/zod@3.25.76/node_modules/zod/v4/core/function.d.cts
C:/Users/USER/project/Product-Requirements-Document/node_modules/.pnpm/zod@3.25.76/node_modules/zod/v4/core/api.d.cts
C:/Users/USER/project/Product-Requirements-Document/node_modules/.pnpm/zod@3.25.76/node_modules/zod/v4/core/json-schema.d.cts
C:/Users/USER/project/Product-Requirements-Document/node_modules/.pnpm/zod@3.25.76/node_modules/zod/v4/core/to-json-schema.d.cts
C:/Users/USER/project/Product-Requirements-Document/node_modules/.pnpm/zod@3.25.76/node_modules/zod/v4/core/index.d.cts
C:/Users/USER/project/Product-Requirements-Document/node_modules/.pnpm/zod@3.25.76/node_modules/zod/v4/classic/errors.d.cts
C:/Users/USER/project/Product-Requirements-Document/node_modules/.pnpm/zod@3.25.76/node_modules/zod/v4/classic/parse.d.cts
C:/Users/USER/project/Product-Requirements-Document/node_modules/.pnpm/zod@3.25.76/node_modules/zod/v4/classic/schemas.d.cts
C:/Users/USER/project/Product-Requirements-Document/node_modules/.pnpm/zod@3.25.76/node_modules/zod/v4/classic/checks.d.cts
C:/Users/USER/project/Product-Requirements-Document/node_modules/.pnpm/zod@3.25.76/node_modules/zod/v4/classic/compat.d.cts
C:/Users/USER/project/Product-Requirements-Document/node_modules/.pnpm/zod@3.25.76/node_modules/zod/v4/classic/iso.d.cts
C:/Users/USER/project/Product-Requirements-Document/node_modules/.pnpm/zod@3.25.76/node_modules/zod/v4/classic/coerce.d.cts
C:/Users/USER/project/Product-Requirements-Document/node_modules/.pnpm/zod@3.25.76/node_modules/zod/v4/classic/external.d.cts
C:/Users/USER/project/Product-Requirements-Document/node_modules/.pnpm/zod@3.25.76/node_modules/zod/v4/classic/index.d.cts
C:/Users/USER/project/Product-Requirements-Document/node_modules/.pnpm/zod@3.25.76/node_modules/zod/v4/index.d.cts
C:/Users/USER/project/Product-Requirements-Document/node_modules/.pnpm/drizzle-zod@0.8.3_drizzle-o_9023862330606cbd2d7b4dbe0f6a6add/node_modules/drizzle-zod/utils.d.mts
C:/Users/USER/project/Product-Requirements-Document/node_modules/.pnpm/drizzle-zod@0.8.3_drizzle-o_9023862330606cbd2d7b4dbe0f6a6add/node_modules/drizzle-zod/column.types.d.mts
C:/Users/USER/project/Product-Requirements-Document/node_modules/.pnpm/drizzle-zod@0.8.3_drizzle-o_9023862330606cbd2d7b4dbe0f6a6add/node_modules/drizzle-zod/schema.types.internal.d.mts
C:/Users/USER/project/Product-Requirements-Document/node_modules/.pnpm/drizzle-zod@0.8.3_drizzle-o_9023862330606cbd2d7b4dbe0f6a6add/node_modules/drizzle-zod/schema.types.d.mts
C:/Users/USER/project/Product-Requirements-Document/node_modules/.pnpm/drizzle-zod@0.8.3_drizzle-o_9023862330606cbd2d7b4dbe0f6a6add/node_modules/drizzle-zod/column.d.mts
C:/Users/USER/project/Product-Requirements-Document/node_modules/.pnpm/drizzle-zod@0.8.3_drizzle-o_9023862330606cbd2d7b4dbe0f6a6add/node_modules/drizzle-zod/schema.d.mts
C:/Users/USER/project/Product-Requirements-Document/node_modules/.pnpm/drizzle-zod@0.8.3_drizzle-o_9023862330606cbd2d7b4dbe0f6a6add/node_modules/drizzle-zod/index.d.mts
C:/Users/USER/project/Product-Requirements-Document/lib/db/src/schema/jobs.ts
C:/Users/USER/project/Product-Requirements-Document/lib/db/src/schema/keywords.ts
C:/Users/USER/project/Product-Requirements-Document/lib/db/src/schema/sources.ts
C:/Users/USER/project/Product-Requirements-Document/lib/db/src/schema/settings.ts
C:/Users/USER/project/Product-Requirements-Document/lib/db/src/schema/notes.ts
C:/Users/USER/project/Product-Requirements-Document/lib/db/src/schema/social_posts.ts
C:/Users/USER/project/Product-Requirements-Document/lib/db/src/schema/scheduler_runs.ts
C:/Users/USER/project/Product-Requirements-Document/lib/db/src/schema/social_connections.ts
C:/Users/USER/project/Product-Requirements-Document/lib/db/src/schema/scheduled_posts.ts
C:/Users/USER/project/Product-Requirements-Document/lib/db/src/schema/job_candidates.ts
C:/Users/USER/project/Product-Requirements-Document/lib/db/src/schema/index.ts
C:/Users/USER/project/Product-Requirements-Document/lib/db/src/index.ts
